INFO 2026-03-12 14:36:56,984 autoreload 220722 139915698209280 Watching for file changes with StatReloader
INFO 2026-03-12 14:37:53,175 autoreload 221404 140197665608192 Watching for file changes with StatReloader
INFO 2026-03-12 14:38:28,883 autoreload 221845 140554696909312 Watching for file changes with StatReloader
WARNING 2026-03-12 14:38:39,957 log 221845 140553946658496 Not Found: /
WARNING 2026-03-12 14:38:39,959 log 221845 140553946658496 "GET / HTTP/1.1" 404 2981
INFO 2026-03-12 14:39:19,523 log 221845 140553946658496 "GET /admin/ HTTP/1.1" 302 0
INFO 2026-03-12 14:39:19,578 log 221845 140553946658496 "GET /admin/login/?next=/admin/ HTTP/1.1" 200 4083
INFO 2026-03-12 14:39:19,709 log 221845 140553936168640 "GET /static/admin/css/dark_mode.css HTTP/1.1" 200 3538
INFO 2026-03-12 14:39:19,713 log 221845 140553926727360 "GET /static/admin/css/nav_sidebar.css HTTP/1.1" 200 2810
INFO 2026-03-12 14:39:19,713 log 221845 140553946658496 "GET /static/admin/css/base.css HTTP/1.1" 200 23100
INFO 2026-03-12 14:39:19,715 log 221845 140553918334656 "GET /static/admin/css/login.css HTTP/1.1" 200 951
INFO 2026-03-12 14:39:19,717 log 221845 140553901549248 "GET /static/admin/js/theme.js HTTP/1.1" 200 1653
INFO 2026-03-12 14:39:19,718 log 221845 140553909941952 "GET /static/admin/css/responsive.css HTTP/1.1" 200 16273
INFO 2026-03-12 14:39:19,731 log 221845 140553909941952 "GET /static/admin/js/nav_sidebar.js HTTP/1.1" 200 3063
INFO 2026-03-12 14:39:29,855 log 221845 140553909941952 "POST /admin/login/?next=/admin/ HTTP/1.1" 302 0
INFO 2026-03-12 14:39:29,869 log 221845 140553909941952 "GET /admin/ HTTP/1.1" 200 13518
INFO 2026-03-12 14:39:29,941 log 221845 140553909941952 "GET /static/admin/css/dashboard.css HTTP/1.1" 200 441
INFO 2026-03-12 14:39:30,006 log 221845 140553909941952 "GET /static/admin/img/icon-addlink.svg HTTP/1.1" 200 593
INFO 2026-03-12 14:39:30,006 log 221845 140553901549248 "GET /static/admin/img/icon-changelink.svg HTTP/1.1" 200 978
INFO 2026-03-12 14:39:30,008 log 221845 140553918334656 "GET /static/admin/img/icon-viewlink.svg HTTP/1.1" 200 928
INFO 2026-03-12 14:39:38,757 log 221845 140553909941952 "GET /admin/api/auditlog/ HTTP/1.1" 200 15029
INFO 2026-03-12 14:39:38,835 log 221845 140553909941952 "GET /static/admin/css/changelists.css HTTP/1.1" 200 7498
INFO 2026-03-12 14:39:38,853 log 221845 140553918334656 "GET /static/admin/js/jquery.init.js HTTP/1.1" 200 347
INFO 2026-03-12 14:39:38,854 log 221845 140553946658496 "GET /static/admin/js/actions.js HTTP/1.1" 200 8076
INFO 2026-03-12 14:39:38,854 log 221845 140553936168640 "GET /static/admin/js/core.js HTTP/1.1" 200 6208
INFO 2026-03-12 14:39:38,854 log 221845 140553909941952 "GET /static/admin/js/urlify.js HTTP/1.1" 200 7887
INFO 2026-03-12 14:39:38,858 log 221845 140553926727360 "GET /static/admin/js/admin/RelatedObjectLookups.js HTTP/1.1" 200 9777
INFO 2026-03-12 14:39:38,860 log 221845 140553901549248 "GET /static/admin/js/vendor/jquery/jquery.js HTTP/1.1" 200 285314
INFO 2026-03-12 14:39:38,870 log 221845 140553918334656 "GET /static/admin/js/prepopulate.js HTTP/1.1" 200 1531
INFO 2026-03-12 14:39:38,872 log 221845 140553936168640 "GET /static/admin/js/vendor/xregexp/xregexp.js HTTP/1.1" 200 325171
INFO 2026-03-12 14:39:38,929 log 221845 140553918334656 "GET /static/admin/js/filters.js HTTP/1.1" 200 978
INFO 2026-03-12 14:39:42,742 log 221845 140553918334656 "GET /admin/api/examsession/add/ HTTP/1.1" 200 18617
INFO 2026-03-12 14:39:42,813 log 221845 140553901549248 "GET /static/admin/js/admin/DateTimeShortcuts.js HTTP/1.1" 200 19698
INFO 2026-03-12 14:39:42,814 log 221845 140553936168640 "GET /static/admin/js/calendar.js HTTP/1.1" 200 9159
INFO 2026-03-12 14:39:42,815 log 221845 140553918334656 "GET /static/admin/css/forms.css HTTP/1.1" 200 8831
INFO 2026-03-12 14:39:42,823 log 221845 140553901549248 "GET /static/admin/js/prepopulate_init.js HTTP/1.1" 200 586
INFO 2026-03-12 14:39:42,829 log 221845 140553909941952 "GET /admin/jsi18n/ HTTP/1.1" 200 3342
INFO 2026-03-12 14:39:42,830 log 221845 140553918334656 "GET /static/admin/css/widgets.css HTTP/1.1" 200 11811
INFO 2026-03-12 14:39:42,886 log 221845 140553918334656 "GET /static/admin/img/icon-deletelink.svg HTTP/1.1" 200 689
INFO 2026-03-12 14:39:42,887 log 221845 140553901549248 "GET /static/admin/js/change_form.js HTTP/1.1" 200 606
INFO 2026-03-12 14:39:43,027 log 221845 140553901549248 "GET /static/admin/img/icon-calendar.svg HTTP/1.1" 200 1112
INFO 2026-03-12 14:44:08,345 log 221845 140553926727360 "GET /admin/ HTTP/1.1" 200 13518
INFO 2026-03-12 14:44:08,404 log 221845 140553926727360 "GET /static/admin/css/base.css HTTP/1.1" 304 0
INFO 2026-03-12 14:44:08,405 log 221845 140553901549248 "GET /static/admin/css/dark_mode.css HTTP/1.1" 304 0
INFO 2026-03-12 14:44:08,410 log 221845 140553946658496 "GET /static/admin/css/nav_sidebar.css HTTP/1.1" 304 0
INFO 2026-03-12 14:44:08,414 log 221845 140553909941952 "GET /static/admin/css/dashboard.css HTTP/1.1" 304 0
INFO 2026-03-12 14:44:08,417 log 221845 140553936168640 "GET /static/admin/js/theme.js HTTP/1.1" 304 0
INFO 2026-03-12 14:44:08,418 log 221845 140553893156544 "GET /static/admin/css/responsive.css HTTP/1.1" 304 0
INFO 2026-03-12 14:44:08,430 log 221845 140553893156544 "GET /static/admin/js/nav_sidebar.js HTTP/1.1" 304 0
INFO 2026-03-12 14:44:08,445 log 221845 140553909941952 "GET /static/admin/img/icon-changelink.svg HTTP/1.1" 304 0
INFO 2026-03-12 14:44:08,448 log 221845 140553936168640 "GET /static/admin/img/icon-addlink.svg HTTP/1.1" 304 0
INFO 2026-03-12 14:44:08,449 log 221845 140553946658496 "GET /static/admin/img/icon-viewlink.svg HTTP/1.1" 304 0
INFO 2026-03-12 14:50:17,488 log 221845 140553901549248 "GET /admin/ HTTP/1.1" 200 13518
INFO 2026-03-12 14:50:17,567 log 221845 140553901549248 "GET /static/admin/css/base.css HTTP/1.1" 304 0
INFO 2026-03-12 14:50:17,568 log 221845 140553946658496 "GET /static/admin/css/dark_mode.css HTTP/1.1" 304 0
INFO 2026-03-12 14:50:17,580 log 221845 140553946658496 "GET /static/admin/css/nav_sidebar.css HTTP/1.1" 304 0
INFO 2026-03-12 14:50:17,581 log 221845 140553926727360 "GET /static/admin/css/dashboard.css HTTP/1.1" 304 0
INFO 2026-03-12 14:50:17,582 log 221845 140553901549248 "GET /static/admin/js/theme.js HTTP/1.1" 304 0
INFO 2026-03-12 14:50:17,585 log 221845 140553909941952 "GET /static/admin/css/responsive.css HTTP/1.1" 304 0
INFO 2026-03-12 14:50:17,634 log 221845 140553901549248 "GET /static/admin/js/nav_sidebar.js HTTP/1.1" 304 0
INFO 2026-03-12 14:50:17,656 log 221845 140553946658496 "GET /static/admin/img/icon-addlink.svg HTTP/1.1" 304 0
INFO 2026-03-12 14:50:17,660 log 221845 140553926727360 "GET /static/admin/img/icon-viewlink.svg HTTP/1.1" 304 0
INFO 2026-03-12 14:50:17,660 log 221845 140553909941952 "GET /static/admin/img/icon-changelink.svg HTTP/1.1" 304 0
INFO 2026-03-12 14:50:21,733 log 221845 140553946658496 "GET /admin/api/candidate/add/ HTTP/1.1" 200 26159
INFO 2026-03-12 14:50:21,797 log 221845 140553946658496 "GET /static/admin/css/forms.css HTTP/1.1" 304 0
INFO 2026-03-12 14:50:21,817 log 221845 140553909941952 "GET /static/admin/js/calendar.js HTTP/1.1" 304 0
INFO 2026-03-12 14:50:21,817 log 221845 140553946658496 "GET /static/admin/js/vendor/jquery/jquery.js HTTP/1.1" 304 0
INFO 2026-03-12 14:50:21,818 log 221845 140553936168640 "GET /static/admin/js/admin/DateTimeShortcuts.js HTTP/1.1" 304 0
INFO 2026-03-12 14:50:21,821 log 221845 140553926727360 "GET /static/admin/js/jquery.init.js HTTP/1.1" 304 0
INFO 2026-03-12 14:50:21,823 log 221845 140553901549248 "GET /admin/jsi18n/ HTTP/1.1" 200 3342
INFO 2026-03-12 14:50:21,826 log 221845 140553909941952 "GET /static/admin/css/widgets.css HTTP/1.1" 304 0
INFO 2026-03-12 14:50:21,830 log 221845 140553936168640 "GET /static/admin/js/admin/RelatedObjectLookups.js HTTP/1.1" 304 0
INFO 2026-03-12 14:50:21,832 log 221845 140553893156544 "GET /static/admin/js/core.js HTTP/1.1" 304 0
INFO 2026-03-12 14:50:21,833 log 221845 140553926727360 "GET /static/admin/js/actions.js HTTP/1.1" 304 0
INFO 2026-03-12 14:50:21,839 log 221845 140553893156544 "GET /static/admin/js/prepopulate.js HTTP/1.1" 304 0
INFO 2026-03-12 14:50:21,840 log 221845 140553901549248 "GET /static/admin/js/urlify.js HTTP/1.1" 304 0
INFO 2026-03-12 14:50:21,859 log 221845 140553946658496 "GET /static/admin/js/vendor/xregexp/xregexp.js HTTP/1.1" 304 0
INFO 2026-03-12 14:50:21,891 log 221845 140553901549248 "GET /static/admin/js/prepopulate_init.js HTTP/1.1" 304 0
INFO 2026-03-12 14:50:21,940 log 221845 140553946658496 "GET /static/admin/img/icon-deletelink.svg HTTP/1.1" 304 0
INFO 2026-03-12 14:50:22,010 log 221845 140553946658496 "GET /static/admin/js/change_form.js HTTP/1.1" 304 0
INFO 2026-03-12 14:50:22,141 log 221845 140553946658496 "GET /static/admin/img/icon-calendar.svg HTTP/1.1" 304 0
INFO 2026-03-12 14:51:17,119 log 221845 140553946658496 "POST /admin/api/candidate/add/ HTTP/1.1" 200 26775
INFO 2026-03-12 14:51:17,198 log 221845 140553946658496 "GET /admin/jsi18n/ HTTP/1.1" 200 3342
INFO 2026-03-12 14:51:30,312 log 221845 140553946658496 "GET /admin/api/examsession/add/?_to_field=id&_popup=1 HTTP/1.1" 200 9378
INFO 2026-03-12 14:51:30,383 log 221845 140553946658496 "GET /admin/jsi18n/ HTTP/1.1" 200 3342
INFO 2026-03-12 14:51:47,415 log 221845 140553946658496 "POST /admin/api/examsession/add/?_to_field=id&_popup=1 HTTP/1.1" 200 9618
INFO 2026-03-12 14:51:47,470 log 221845 140553946658496 "GET /admin/jsi18n/ HTTP/1.1" 200 3342
INFO 2026-03-12 14:51:54,649 log 221845 140553946658496 "POST /admin/api/candidate/add/ HTTP/1.1" 200 26635
INFO 2026-03-12 14:51:54,728 log 221845 140553926727360 "GET /static/admin/css/nav_sidebar.css HTTP/1.1" 304 0
INFO 2026-03-12 14:51:54,730 log 221845 140553936168640 "GET /static/admin/css/forms.css HTTP/1.1" 304 0
INFO 2026-03-12 14:51:54,731 log 221845 140553901549248 "GET /static/admin/css/base.css HTTP/1.1" 304 0
INFO 2026-03-12 14:51:54,733 log 221845 140553901549248 "GET /static/admin/js/theme.js HTTP/1.1" 304 0
INFO 2026-03-12 14:51:54,734 log 221845 140553909941952 "GET /static/admin/css/responsive.css HTTP/1.1" 304 0
INFO 2026-03-12 14:51:54,735 log 221845 140553893156544 "GET /static/admin/css/dark_mode.css HTTP/1.1" 304 0
INFO 2026-03-12 14:51:54,742 log 221845 140553893156544 "GET /static/admin/js/admin/DateTimeShortcuts.js HTTP/1.1" 304 0
INFO 2026-03-12 14:51:54,743 log 221845 140553926727360 "GET /static/admin/js/vendor/jquery/jquery.js HTTP/1.1" 304 0
INFO 2026-03-12 14:51:54,746 log 221845 140553909941952 "GET /static/admin/js/jquery.init.js HTTP/1.1" 304 0
INFO 2026-03-12 14:51:54,747 log 221845 140553936168640 "GET /static/admin/js/calendar.js HTTP/1.1" 304 0
INFO 2026-03-12 14:51:54,750 log 221845 140553946658496 "GET /admin/jsi18n/ HTTP/1.1" 200 3342
INFO 2026-03-12 14:51:54,755 log 221845 140553946658496 "GET /static/admin/js/core.js HTTP/1.1" 304 0
INFO 2026-03-12 14:51:54,780 log 221845 140553901549248 "GET /static/admin/js/admin/RelatedObjectLookups.js HTTP/1.1" 304 0
INFO 2026-03-12 14:51:54,803 log 221845 140553893156544 "GET /static/admin/js/urlify.js HTTP/1.1" 304 0
INFO 2026-03-12 14:51:54,806 log 221845 140553909941952 "GET /static/admin/js/vendor/xregexp/xregexp.js HTTP/1.1" 304 0
INFO 2026-03-12 14:51:54,808 log 221845 140553926727360 "GET /static/admin/js/prepopulate.js HTTP/1.1" 304 0
INFO 2026-03-12 14:51:54,809 log 221845 140553936168640 "GET /static/admin/js/actions.js HTTP/1.1" 304 0
INFO 2026-03-12 14:51:54,810 log 221845 140553946658496 "GET /static/admin/css/widgets.css HTTP/1.1" 304 0
INFO 2026-03-12 14:51:54,864 log 221845 140553926727360 "GET /static/admin/js/prepopulate_init.js HTTP/1.1" 304 0
INFO 2026-03-12 14:51:54,882 log 221845 140553946658496 "GET /static/admin/js/nav_sidebar.js HTTP/1.1" 304 0
INFO 2026-03-12 14:51:54,902 log 221845 140553901549248 "GET /static/admin/img/icon-viewlink.svg HTTP/1.1" 304 0
INFO 2026-03-12 14:51:54,903 log 221845 140553909941952 "GET /static/admin/img/icon-changelink.svg HTTP/1.1" 304 0
INFO 2026-03-12 14:51:54,904 log 221845 140553893156544 "GET /static/admin/img/icon-addlink.svg HTTP/1.1" 304 0
INFO 2026-03-12 14:51:54,905 log 221845 140553936168640 "GET /static/admin/img/icon-deletelink.svg HTTP/1.1" 304 0
INFO 2026-03-12 14:51:54,919 log 221845 140553926727360 "GET /static/admin/js/change_form.js HTTP/1.1" 304 0
INFO 2026-03-12 14:51:54,994 log 221845 140553926727360 "GET /static/admin/img/icon-calendar.svg HTTP/1.1" 304 0
INFO 2026-03-12 14:52:24,957 autoreload 270247 140327073636864 Watching for file changes with StatReloader
WARNING 2026-03-12 14:52:28,816 log 270247 140326390986432 Not Found: /
WARNING 2026-03-12 14:52:28,817 log 270247 140326390986432 "GET / HTTP/1.1" 404 2981
INFO 2026-03-12 14:52:34,719 log 270247 140326390986432 "GET /admin/ HTTP/1.1" 200 13518
INFO 2026-03-12 14:52:34,781 log 270247 140326390986432 "GET /static/admin/css/dashboard.css HTTP/1.1" 304 0
INFO 2026-03-14 14:31:16,280 autoreload 28760 139958692720896 Watching for file changes with StatReloader
INFO 2026-03-14 14:37:26,341 autoreload 32007 140173767082240 Watching for file changes with StatReloader
INFO 2026-03-14 14:43:38,679 log 32007 140173471823552 "OPTIONS /api/auth/login/ HTTP/1.1" 200 0
WARNING 2026-03-14 14:43:38,695 log 32007 140173471823552 Bad Request: /api/auth/login/
WARNING 2026-03-14 14:43:38,695 log 32007 140173471823552 "POST /api/auth/login/ HTTP/1.1" 400 53
INFO 2026-03-14 14:44:23,391 log 32007 140173471823552 "POST /api/auth/login/ HTTP/1.1" 200 973
INFO 2026-03-14 14:45:06,672 log 32007 140173471823552 "OPTIONS /api/auth/logout/ HTTP/1.1" 200 0
WARNING 2026-03-14 14:45:06,690 log 32007 140173471823552 Bad Request: /api/auth/logout/
WARNING 2026-03-14 14:45:06,691 log 32007 140173471823552 "POST /api/auth/logout/ HTTP/1.1" 400 62
WARNING 2026-03-14 14:45:48,981 log 32007 140173471823552 Bad Request: /api/auth/login/
WARNING 2026-03-14 14:45:48,982 log 32007 140173471823552 "POST /api/auth/login/ HTTP/1.1" 400 53
INFO 2026-03-14 14:46:51,775 log 32007 140173471823552 "POST /api/auth/login/ HTTP/1.1" 200 1002
WARNING 2026-03-14 14:47:22,686 log 32007 140173471823552 Bad Request: /api/auth/logout/
WARNING 2026-03-14 14:47:22,687 log 32007 140173471823552 "POST /api/auth/logout/ HTTP/1.1" 400 62
INFO 2026-03-14 14:49:10,180 log 32007 140173471823552 "POST /api/auth/login/ HTTP/1.1" 200 995
WARNING 2026-03-14 14:50:28,692 log 32007 140173471823552 Bad Request: /api/auth/logout/
WARNING 2026-03-14 14:50:28,694 log 32007 140173471823552 "POST /api/auth/logout/ HTTP/1.1" 400 62
WARNING 2026-03-14 14:53:12,434 log 32007 140173471823552 Unauthorized: /api/auth/login/
WARNING 2026-03-14 14:53:12,434 log 32007 140173471823552 "POST /api/auth/login/ HTTP/1.1" 401 31
WARNING 2026-03-14 14:54:54,081 log 32007 140173471823552 Unauthorized: /api/auth/login/
WARNING 2026-03-14 14:54:54,084 log 32007 140173471823552 "POST /api/auth/login/ HTTP/1.1" 401 31
INFO 2026-03-14 14:58:24,327 log 32007 140173462382272 "OPTIONS /api/auth/login/ HTTP/1.1" 200 0
INFO 2026-03-14 14:58:25,469 log 32007 140173462382272 "POST /api/auth/login/ HTTP/1.1" 200 997
INFO 2026-03-14 14:58:36,658 log 32007 140173462382272 "OPTIONS /api/auth/logout/ HTTP/1.1" 200 0
WARNING 2026-03-14 14:58:36,662 log 32007 140173462382272 Bad Request: /api/auth/logout/
WARNING 2026-03-14 14:58:36,663 log 32007 140173462382272 "POST /api/auth/logout/ HTTP/1.1" 400 62
INFO 2026-03-14 14:58:45,465 log 32007 140173462382272 "POST /api/auth/login/ HTTP/1.1" 200 973
WARNING 2026-03-14 14:58:51,193 log 32007 140173462382272 Bad Request: /api/auth/logout/
WARNING 2026-03-14 14:58:51,194 log 32007 140173462382272 "POST /api/auth/logout/ HTTP/1.1" 400 62
INFO 2026-03-14 14:59:09,337 log 32007 140173462382272 "POST /api/auth/login/ HTTP/1.1" 200 1021
INFO 2026-03-14 14:59:32,614 log 32007 140173462382272 "OPTIONS /api/auth/me/ HTTP/1.1" 200 0
INFO 2026-03-14 14:59:32,618 log 32007 140173453989568 "OPTIONS /api/auth/me/ HTTP/1.1" 200 0
INFO 2026-03-14 14:59:32,635 log 32007 140173453989568 "GET /api/auth/me/ HTTP/1.1" 200 524
INFO 2026-03-14 14:59:32,698 log 32007 140173462382272 "GET /api/auth/me/ HTTP/1.1" 200 524
WARNING 2026-03-14 14:59:34,951 log 32007 140173462382272 Bad Request: /api/auth/logout/
WARNING 2026-03-14 14:59:34,953 log 32007 140173462382272 "POST /api/auth/logout/ HTTP/1.1" 400 62
INFO 2026-03-14 14:59:47,418 log 32007 140173462382272 "POST /api/auth/login/ HTTP/1.1" 200 1009
WARNING 2026-03-14 14:59:57,285 log 32007 140173462382272 Bad Request: /api/auth/logout/
WARNING 2026-03-14 14:59:57,285 log 32007 140173462382272 "POST /api/auth/logout/ HTTP/1.1" 400 62
INFO 2026-03-14 15:00:05,011 log 32007 140173462382272 "POST /api/auth/login/ HTTP/1.1" 200 1034
WARNING 2026-03-14 15:00:16,614 log 32007 140173462382272 Bad Request: /api/auth/logout/
WARNING 2026-03-14 15:00:16,614 log 32007 140173462382272 "POST /api/auth/logout/ HTTP/1.1" 400 62
INFO 2026-03-14 15:00:26,460 log 32007 140173462382272 "POST /api/auth/login/ HTTP/1.1" 200 973
WARNING 2026-03-14 15:02:28,780 log 32007 140173471823552 Unauthorized: /api/auth/login/
WARNING 2026-03-14 15:02:28,780 log 32007 140173471823552 "POST /api/auth/login/ HTTP/1.1" 401 31
WARNING 2026-03-14 15:03:02,430 log 32007 140173237024448 Not Found: /
WARNING 2026-03-14 15:03:02,433 log 32007 140173237024448 "GET / HTTP/1.1" 404 2981
WARNING 2026-03-14 15:03:02,587 log 32007 140173237024448 Not Found: /favicon.ico
WARNING 2026-03-14 15:03:02,588 log 32007 140173237024448 "GET /favicon.ico HTTP/1.1" 404 3032
INFO 2026-03-14 15:05:57,410 log 32007 140173462382272 "GET /api/auth/me/ HTTP/1.1" 200 476
INFO 2026-03-14 15:05:57,442 log 32007 140173453989568 "GET /api/auth/me/ HTTP/1.1" 200 476
WARNING 2026-03-14 15:05:59,384 log 32007 140173453989568 Bad Request: /api/auth/logout/
WARNING 2026-03-14 15:05:59,385 log 32007 140173453989568 "POST /api/auth/logout/ HTTP/1.1" 400 62
WARNING 2026-03-14 15:08:21,200 log 32007 140173453989568 Unauthorized: /api/auth/login/
WARNING 2026-03-14 15:08:21,200 log 32007 140173453989568 "POST /api/auth/login/ HTTP/1.1" 401 31
INFO 2026-03-14 15:08:28,062 log 32007 140173453989568 "POST /api/auth/login/ HTTP/1.1" 200 973
INFO 2026-03-14 15:12:25,861 log 32007 140173453989568 "GET /api/auth/me/ HTTP/1.1" 200 476
INFO 2026-03-14 15:12:25,878 log 32007 140173462382272 "GET /api/auth/me/ HTTP/1.1" 200 476
WARNING 2026-03-14 15:12:28,353 log 32007 140173462382272 Bad Request: /api/auth/logout/
WARNING 2026-03-14 15:12:28,355 log 32007 140173462382272 "POST /api/auth/logout/ HTTP/1.1" 400 62
INFO 2026-03-14 15:12:45,055 log 32007 140173462382272 "POST /api/auth/login/ HTTP/1.1" 200 973
INFO 2026-03-14 15:17:04,581 log 32007 140173462382272 "GET /api/auth/me/ HTTP/1.1" 200 476
INFO 2026-03-14 15:17:04,604 log 32007 140173453989568 "GET /api/auth/me/ HTTP/1.1" 200 476
WARNING 2026-03-14 15:17:10,563 log 32007 140173453989568 Bad Request: /api/auth/logout/
WARNING 2026-03-14 15:17:10,563 log 32007 140173453989568 "POST /api/auth/logout/ HTTP/1.1" 400 62
INFO 2026-03-15 14:50:24,556 autoreload 30398 139722348159232 Watching for file changes with StatReloader
INFO 2026-03-15 14:50:34,092 autoreload 30398 139722348159232 /home/ali/1CS_ANOTHER/concour-doctora/backend/venv/lib/python3.13/site-packages/rest_framework_simplejwt/__init__.py changed, reloading.
INFO 2026-03-15 14:50:34,498 autoreload 30512 140056945082624 Watching for file changes with StatReloader
INFO 2026-03-15 14:50:45,520 autoreload 30801 140286837358848 Watching for file changes with StatReloader
INFO 2026-03-15 14:51:27,102 autoreload 30512 140056945082624 /home/ali/1CS_ANOTHER/concour-doctora/backend/api/views.py changed, reloading.
INFO 2026-03-15 14:51:27,540 autoreload 31332 139844861116672 Watching for file changes with StatReloader
INFO 2026-03-15 14:51:40,461 autoreload 31332 139844861116672 /home/ali/1CS_ANOTHER/concour-doctora/backend/api/views.py changed, reloading.
INFO 2026-03-15 14:51:40,956 autoreload 31524 140281150484736 Watching for file changes with StatReloader
INFO 2026-03-15 14:52:01,816 autoreload 32084 140242398552320 Watching for file changes with StatReloader
INFO 2026-03-15 14:53:28,772 autoreload 34126 140535138177280 Watching for file changes with StatReloader
INFO 2026-03-15 14:53:54,054 autoreload 34578 140498890256640 Watching for file changes with StatReloader
INFO 2026-03-15 14:54:17,469 autoreload 34578 140498890256640 /home/ali/1CS_ANOTHER/concour-doctora/backend/venv/lib/python3.13/site-packages/rest_framework_simplejwt/__init__.py changed, reloading.
INFO 2026-03-15 14:54:18,002 autoreload 34812 140330925756672 Watching for file changes with StatReloader
INFO 2026-03-15 14:54:24,390 autoreload 34937 140210839638272 Watching for file changes with StatReloader
INFO 2026-03-15 14:54:38,338 autoreload 35132 140272346755328 Watching for file changes with StatReloader
INFO 2026-03-15 14:54:57,254 log 35132 140272051492544 "OPTIONS /api/auth/login/ HTTP/1.1" 200 0
INFO 2026-03-15 14:54:58,177 log 35132 140272051492544 "POST /api/auth/login/ HTTP/1.1" 200 973
INFO 2026-03-15 14:55:35,380 log 35132 140272051492544 "POST /api/auth/login/ HTTP/1.1" 200 997
INFO 2026-03-15 14:59:43,344 log 35132 140272051492544 "OPTIONS /api/auth/me/ HTTP/1.1" 200 0
INFO 2026-03-15 14:59:43,357 log 35132 140272051492544 "GET /api/auth/me/ HTTP/1.1" 200 500
INFO 2026-03-15 14:59:43,415 log 35132 140272042051264 "GET /api/auth/me/ HTTP/1.1" 200 500
INFO 2026-03-15 14:59:50,776 log 35132 140272042051264 "POST /api/auth/login/ HTTP/1.1" 200 1034
INFO 2026-03-15 15:21:55,767 log 35132 140272042051264 "OPTIONS /api/auth/logout/ HTTP/1.1" 200 0
WARNING 2026-03-15 15:21:55,783 log 35132 140272042051264 Bad Request: /api/auth/logout/
WARNING 2026-03-15 15:21:55,784 log 35132 140272042051264 "POST /api/auth/logout/ HTTP/1.1" 400 62
WARNING 2026-03-15 15:22:03,081 log 35132 140272042051264 Unauthorized: /api/auth/login/
WARNING 2026-03-15 15:22:03,081 log 35132 140272042051264 "POST /api/auth/login/ HTTP/1.1" 401 31
INFO 2026-03-15 15:22:14,172 log 35132 140272042051264 "POST /api/auth/login/ HTTP/1.1" 200 1012
WARNING 2026-03-15 15:23:12,662 log 35132 140272042051264 Bad Request: /api/auth/logout/
WARNING 2026-03-15 15:23:12,662 log 35132 140272042051264 "POST /api/auth/logout/ HTTP/1.1" 400 62
INFO 2026-03-15 15:23:23,544 log 35132 140272042051264 "POST /api/auth/login/ HTTP/1.1" 200 1002
WARNING 2026-03-15 15:24:07,750 log 35132 140272042051264 Bad Request: /api/auth/logout/
WARNING 2026-03-15 15:24:07,751 log 35132 140272042051264 "POST /api/auth/logout/ HTTP/1.1" 400 62
INFO 2026-03-15 15:24:16,925 log 35132 140272042051264 "POST /api/auth/login/ HTTP/1.1" 200 1021
WARNING 2026-03-15 15:25:30,082 log 35132 140272042051264 Bad Request: /api/auth/logout/
WARNING 2026-03-15 15:25:30,083 log 35132 140272042051264 "POST /api/auth/logout/ HTTP/1.1" 400 62
WARNING 2026-03-15 15:25:51,703 log 35132 140272042051264 Unauthorized: /api/auth/login/
WARNING 2026-03-15 15:25:51,703 log 35132 140272042051264 "POST /api/auth/login/ HTTP/1.1" 401 31
WARNING 2026-03-15 15:26:01,103 log 35132 140272042051264 Unauthorized: /api/auth/login/
WARNING 2026-03-15 15:26:01,103 log 35132 140272042051264 "POST /api/auth/login/ HTTP/1.1" 401 31
WARNING 2026-03-15 15:26:03,479 log 35132 140272042051264 Unauthorized: /api/auth/login/
WARNING 2026-03-15 15:26:03,479 log 35132 140272042051264 "POST /api/auth/login/ HTTP/1.1" 401 31
INFO 2026-03-15 15:26:11,533 log 35132 140272042051264 "POST /api/auth/login/ HTTP/1.1" 200 1009
WARNING 2026-03-15 15:26:37,127 log 35132 140272042051264 Bad Request: /api/auth/logout/
WARNING 2026-03-15 15:26:37,128 log 35132 140272042051264 "POST /api/auth/logout/ HTTP/1.1" 400 62
WARNING 2026-03-15 15:27:53,999 log 35132 140272042051264 Unauthorized: /api/auth/login/
WARNING 2026-03-15 15:27:54,000 log 35132 140272042051264 "POST /api/auth/login/ HTTP/1.1" 401 31
INFO 2026-03-15 15:28:00,788 log 35132 140272042051264 "POST /api/auth/login/ HTTP/1.1" 200 973
INFO 2026-03-15 15:38:48,912 log 35132 140272042051264 "OPTIONS /api/auth/login/ HTTP/1.1" 200 0
INFO 2026-03-15 15:38:49,820 log 35132 140272042051264 "POST /api/auth/login/ HTTP/1.1" 200 973
INFO 2026-03-15 15:41:48,874 log 35132 140272051492544 "OPTIONS /api/auth/me/ HTTP/1.1" 200 0
INFO 2026-03-15 15:41:48,875 log 35132 140272042051264 "OPTIONS /api/auth/me/ HTTP/1.1" 200 0
INFO 2026-03-15 15:41:48,889 log 35132 140272042051264 "GET /api/auth/me/ HTTP/1.1" 200 476
INFO 2026-03-15 15:41:48,957 log 35132 140272042051264 "GET /api/auth/me/ HTTP/1.1" 200 476
INFO 2026-03-15 15:49:28,603 log 35132 140272042051264 "GET /api/auth/me/ HTTP/1.1" 200 476
INFO 2026-03-15 15:49:28,618 log 35132 140272051492544 "GET /api/auth/me/ HTTP/1.1" 200 476
INFO 2026-03-15 15:54:44,027 log 35132 140272033658560 "GET /api/auth/me/ HTTP/1.1" 200 476
INFO 2026-03-15 15:54:44,035 log 35132 140272033658560 "GET /api/auth/me/ HTTP/1.1" 200 476
INFO 2026-03-15 15:58:41,518 log 35132 140272033658560 "GET /api/auth/me/ HTTP/1.1" 200 476
INFO 2026-03-15 15:58:41,536 log 35132 140272033658560 "GET /api/auth/me/ HTTP/1.1" 200 476
INFO 2026-03-15 16:16:53,513 log 35132 140272033658560 "GET /api/auth/me/ HTTP/1.1" 200 476
INFO 2026-03-15 16:16:53,526 log 35132 140272033658560 "GET /api/auth/me/ HTTP/1.1" 200 476
INFO 2026-03-15 16:17:42,344 log 35132 140272033658560 "GET /api/auth/me/ HTTP/1.1" 200 476
INFO 2026-03-15 16:17:42,371 log 35132 140272033658560 "GET /api/auth/me/ HTTP/1.1" 200 476
INFO 2026-03-15 16:17:42,904 log 35132 140272051492544 "GET /api/auth/me/ HTTP/1.1" 200 476
INFO 2026-03-15 16:17:42,921 log 35132 140272042051264 "GET /api/auth/me/ HTTP/1.1" 200 476
INFO 2026-03-15 16:17:43,041 log 35132 140272042051264 "GET /api/auth/me/ HTTP/1.1" 200 476
INFO 2026-03-15 16:17:43,055 log 35132 140272051492544 "GET /api/auth/me/ HTTP/1.1" 200 476
WARNING 2026-03-16 01:01:27,729 log 35132 140272051492544 Unauthorized: /api/auth/me/
WARNING 2026-03-16 01:01:27,729 log 35132 140272051492544 "GET /api/auth/me/ HTTP/1.1" 401 172
WARNING 2026-03-16 01:01:27,733 log 35132 140272051492544 Unauthorized: /api/auth/me/
WARNING 2026-03-16 01:01:27,733 log 35132 140272051492544 "GET /api/auth/me/ HTTP/1.1" 401 172
INFO 2026-03-16 01:01:27,770 log 35132 140272033658560 "OPTIONS /api/auth/refresh/ HTTP/1.1" 200 0
INFO 2026-03-16 01:01:27,778 log 35132 140272033658560 "POST /api/auth/refresh/ HTTP/1.1" 200 244
INFO 2026-03-16 01:01:27,783 log 35132 140272051492544 "POST /api/auth/refresh/ HTTP/1.1" 200 244
INFO 2026-03-16 01:01:27,839 log 35132 140272051492544 "GET /api/auth/me/ HTTP/1.1" 200 476
INFO 2026-03-16 01:01:27,896 log 35132 140272033658560 "GET /api/auth/me/ HTTP/1.1" 200 476
INFO 2026-03-16 01:01:35,664 log 35132 140272033658560 "POST /api/auth/login/ HTTP/1.1" 200 973
WARNING 2026-03-16 01:38:36,137 log 35132 140272033658560 Unauthorized: /api/auth/me/
WARNING 2026-03-16 01:38:36,139 log 35132 140272033658560 "GET /api/auth/me/ HTTP/1.1" 401 172
WARNING 2026-03-16 01:38:36,151 log 35132 140272051492544 Unauthorized: /api/auth/me/
WARNING 2026-03-16 01:38:36,152 log 35132 140272051492544 "GET /api/auth/me/ HTTP/1.1" 401 172
INFO 2026-03-16 01:38:36,158 log 35132 140272033658560 "OPTIONS /api/auth/refresh/ HTTP/1.1" 200 0
INFO 2026-03-16 01:38:36,162 log 35132 140272051492544 "OPTIONS /api/auth/refresh/ HTTP/1.1" 200 0
INFO 2026-03-16 01:38:36,213 log 35132 140272033658560 "POST /api/auth/refresh/ HTTP/1.1" 200 244
INFO 2026-03-16 01:38:36,213 log 35132 140272051492544 "POST /api/auth/refresh/ HTTP/1.1" 200 244
INFO 2026-03-16 01:38:36,263 log 35132 140272033658560 "GET /api/auth/me/ HTTP/1.1" 200 476
INFO 2026-03-16 01:38:36,332 log 35132 140272033658560 "GET /api/auth/me/ HTTP/1.1" 200 476
INFO 2026-03-16 01:38:51,650 log 35132 140272033658560 "GET /api/auth/me/ HTTP/1.1" 200 476
INFO 2026-03-16 01:38:51,676 log 35132 140272033658560 "GET /api/auth/me/ HTTP/1.1" 200 476
INFO 2026-03-16 02:04:49,664 log 35132 140272051492544 "GET /api/auth/me/ HTTP/1.1" 200 476
INFO 2026-03-16 02:04:49,679 log 35132 140272051492544 "GET /api/auth/me/ HTTP/1.1" 200 476
INFO 2026-03-16 02:18:38,849 log 35132 140272051492544 "OPTIONS /api/auth/me/ HTTP/1.1" 200 0
INFO 2026-03-16 02:18:38,865 log 35132 140272051492544 "GET /api/auth/me/ HTTP/1.1" 200 476
INFO 2026-03-16 02:18:38,988 log 35132 140272051492544 "GET /api/auth/me/ HTTP/1.1" 200 476
INFO 2026-03-16 02:18:45,609 log 35132 140272051492544 "GET /api/auth/me/ HTTP/1.1" 200 476
INFO 2026-03-16 02:18:45,633 log 35132 140272051492544 "GET /api/auth/me/ HTTP/1.1" 200 476
INFO 2026-03-16 02:23:30,802 log 35132 140272051492544 "GET /api/auth/me/ HTTP/1.1" 200 476
INFO 2026-03-16 02:23:30,815 log 35132 140272051492544 "GET /api/auth/me/ HTTP/1.1" 200 476
INFO 2026-03-16 02:24:24,675 log 35132 140272051492544 "GET /api/auth/me/ HTTP/1.1" 200 476
INFO 2026-03-16 02:24:24,696 log 35132 140272051492544 "GET /api/auth/me/ HTTP/1.1" 200 476
INFO 2026-03-16 02:24:35,031 log 35132 140272051492544 "GET /api/auth/me/ HTTP/1.1" 200 476
INFO 2026-03-16 02:24:35,042 log 35132 140272051492544 "GET /api/auth/me/ HTTP/1.1" 200 476
INFO 2026-03-16 02:26:01,596 log 35132 140272051492544 "GET /api/auth/me/ HTTP/1.1" 200 476
INFO 2026-03-16 02:26:01,638 log 35132 140272051492544 "GET /api/auth/me/ HTTP/1.1" 200 476
INFO 2026-03-16 02:30:08,431 log 35132 140272051492544 "GET /api/auth/me/ HTTP/1.1" 200 476
INFO 2026-03-16 02:30:08,444 log 35132 140272051492544 "GET /api/auth/me/ HTTP/1.1" 200 476
INFO 2026-03-16 02:30:36,557 log 35132 140272051492544 "GET /api/auth/me/ HTTP/1.1" 200 476
INFO 2026-03-16 02:30:36,569 log 35132 140272051492544 "GET /api/auth/me/ HTTP/1.1" 200 476
INFO 2026-03-16 02:31:19,380 log 35132 140272051492544 "GET /api/auth/me/ HTTP/1.1" 200 476
INFO 2026-03-16 02:31:19,417 log 35132 140272051492544 "GET /api/auth/me/ HTTP/1.1" 200 476
INFO 2026-03-16 02:34:44,522 log 35132 140272051492544 "GET /api/auth/me/ HTTP/1.1" 200 476
INFO 2026-03-16 02:34:44,573 log 35132 140272051492544 "GET /api/auth/me/ HTTP/1.1" 200 476
INFO 2026-03-16 02:36:03,822 log 35132 140272051492544 "GET /api/auth/me/ HTTP/1.1" 200 476
INFO 2026-03-16 02:36:03,842 log 35132 140272051492544 "GET /api/auth/me/ HTTP/1.1" 200 476
INFO 2026-03-16 02:36:12,122 log 35132 140272051492544 "GET /api/auth/me/ HTTP/1.1" 200 476
INFO 2026-03-16 02:36:12,146 log 35132 140272051492544 "GET /api/auth/me/ HTTP/1.1" 200 476
INFO 2026-03-16 02:36:12,399 log 35132 140272051492544 "GET /api/auth/me/ HTTP/1.1" 200 476
INFO 2026-03-16 02:36:12,409 log 35132 140272051492544 "GET /api/auth/me/ HTTP/1.1" 200 476
INFO 2026-03-16 02:36:31,103 log 35132 140272051492544 "OPTIONS /api/auth/login/ HTTP/1.1" 200 0
INFO 2026-03-16 02:36:31,931 log 35132 140272051492544 "POST /api/auth/login/ HTTP/1.1" 200 973
INFO 2026-03-16 02:39:31,159 log 35132 140272051492544 "GET /api/auth/me/ HTTP/1.1" 200 476
INFO 2026-03-16 02:39:31,178 log 35132 140272051492544 "GET /api/auth/me/ HTTP/1.1" 200 476
INFO 2026-03-16 02:43:48,825 log 35132 140272051492544 "GET /api/auth/me/ HTTP/1.1" 200 476
INFO 2026-03-16 02:43:48,854 log 35132 140272051492544 "GET /api/auth/me/ HTTP/1.1" 200 476
INFO 2026-03-16 02:44:40,997 log 35132 140272051492544 "GET /api/auth/me/ HTTP/1.1" 200 476
INFO 2026-03-16 02:44:41,009 log 35132 140272051492544 "GET /api/auth/me/ HTTP/1.1" 200 476
INFO 2026-03-16 02:45:25,595 log 35132 140272051492544 "GET /api/auth/me/ HTTP/1.1" 200 476
INFO 2026-03-16 02:45:25,604 log 35132 140272051492544 "GET /api/auth/me/ HTTP/1.1" 200 476
INFO 2026-03-16 02:46:15,518 log 35132 140272051492544 "GET /api/auth/me/ HTTP/1.1" 200 476
INFO 2026-03-16 02:46:15,532 log 35132 140272051492544 "GET /api/auth/me/ HTTP/1.1" 200 476
INFO 2026-03-16 02:46:23,796 log 35132 140272051492544 "GET /api/auth/me/ HTTP/1.1" 200 476
INFO 2026-03-16 02:46:23,830 log 35132 140272051492544 "GET /api/auth/me/ HTTP/1.1" 200 476
INFO 2026-03-16 02:46:42,417 log 35132 140272051492544 "GET /api/auth/me/ HTTP/1.1" 200 476
INFO 2026-03-16 02:46:42,437 log 35132 140272051492544 "GET /api/auth/me/ HTTP/1.1" 200 476
INFO 2026-03-16 02:54:10,983 log 35132 140272051492544 "OPTIONS /api/auth/login/ HTTP/1.1" 200 0
WARNING 2026-03-16 02:54:13,679 log 35132 140272051492544 Unauthorized: /api/auth/login/
WARNING 2026-03-16 02:54:13,680 log 35132 140272051492544 "POST /api/auth/login/ HTTP/1.1" 401 31
INFO 2026-03-16 02:55:52,982 log 35132 140272051492544 "POST /api/auth/login/ HTTP/1.1" 200 973
INFO 2026-03-16 03:00:04,846 log 35132 140272051492544 "OPTIONS /api/auth/me/ HTTP/1.1" 200 0
INFO 2026-03-16 03:00:04,849 log 35132 140272033658560 "OPTIONS /api/auth/me/ HTTP/1.1" 200 0
INFO 2026-03-16 03:00:04,887 log 35132 140272051492544 "GET /api/auth/me/ HTTP/1.1" 200 476
INFO 2026-03-16 03:00:04,962 log 35132 140272051492544 "GET /api/auth/me/ HTTP/1.1" 200 476
INFO 2026-03-16 03:20:40,727 log 35132 140272051492544 "GET /api/auth/me/ HTTP/1.1" 200 476
INFO 2026-03-16 03:20:40,765 log 35132 140272051492544 "GET /api/auth/me/ HTTP/1.1" 200 476
INFO 2026-03-16 03:24:09,840 log 35132 140272051492544 "GET /api/auth/me/ HTTP/1.1" 200 476
INFO 2026-03-16 03:24:09,862 log 35132 140272051492544 "GET /api/auth/me/ HTTP/1.1" 200 476
INFO 2026-03-16 03:24:10,034 log 35132 140272051492544 "GET /api/auth/me/ HTTP/1.1" 200 476
INFO 2026-03-16 03:24:10,068 log 35132 140272033658560 "GET /api/auth/me/ HTTP/1.1" 200 476
INFO 2026-03-16 03:24:10,299 log 35132 140272042051264 "GET /api/auth/me/ HTTP/1.1" 200 476
INFO 2026-03-16 03:24:10,340 log 35132 140272042051264 "GET /api/auth/me/ HTTP/1.1" 200 476
INFO 2026-03-16 03:24:10,543 log 35132 140272033658560 "GET /api/auth/me/ HTTP/1.1" 200 476
INFO 2026-03-16 03:24:10,558 log 35132 140272033658560 "GET /api/auth/me/ HTTP/1.1" 200 476
WARNING 2026-03-16 04:34:10,266 log 35132 140272042051264 Unauthorized: /api/auth/me/
WARNING 2026-03-16 04:34:10,267 log 35132 140272042051264 "GET /api/auth/me/ HTTP/1.1" 401 172
WARNING 2026-03-16 04:34:10,285 log 35132 140272033658560 Unauthorized: /api/auth/me/
WARNING 2026-03-16 04:34:10,286 log 35132 140272033658560 "GET /api/auth/me/ HTTP/1.1" 401 172
INFO 2026-03-16 04:34:10,311 log 35132 140272033658560 "OPTIONS /api/auth/refresh/ HTTP/1.1" 200 0
INFO 2026-03-16 04:34:10,314 log 35132 140272042051264 "OPTIONS /api/auth/refresh/ HTTP/1.1" 200 0
INFO 2026-03-16 04:34:10,340 log 35132 140272042051264 "POST /api/auth/refresh/ HTTP/1.1" 200 244
INFO 2026-03-16 04:34:10,383 log 35132 140272033658560 "POST /api/auth/refresh/ HTTP/1.1" 200 244
INFO 2026-03-16 04:34:10,475 log 35132 140272033658560 "GET /api/auth/me/ HTTP/1.1" 200 476
INFO 2026-03-16 04:34:10,539 log 35132 140272033658560 "GET /api/auth/me/ HTTP/1.1" 200 476
INFO 2026-03-16 04:45:26,159 log 35132 140272033658560 "OPTIONS /api/auth/me/ HTTP/1.1" 200 0
INFO 2026-03-16 04:45:26,165 log 35132 140272042051264 "OPTIONS /api/auth/me/ HTTP/1.1" 200 0
WARNING 2026-03-16 04:45:26,179 log 35132 140272042051264 Unauthorized: /api/auth/me/
WARNING 2026-03-16 04:45:26,181 log 35132 140272042051264 "GET /api/auth/me/ HTTP/1.1" 401 172
WARNING 2026-03-16 04:45:26,229 log 35132 140272033658560 Unauthorized: /api/auth/me/
WARNING 2026-03-16 04:45:26,233 log 35132 140272033658560 "GET /api/auth/me/ HTTP/1.1" 401 172
INFO 2026-03-16 04:45:26,238 log 35132 140272042051264 "OPTIONS /api/auth/refresh/ HTTP/1.1" 200 0
INFO 2026-03-16 04:45:26,246 log 35132 140272033658560 "OPTIONS /api/auth/refresh/ HTTP/1.1" 200 0
INFO 2026-03-16 04:45:26,288 log 35132 140272042051264 "POST /api/auth/refresh/ HTTP/1.1" 200 244
INFO 2026-03-16 04:45:26,304 log 35132 140272033658560 "POST /api/auth/refresh/ HTTP/1.1" 200 244
INFO 2026-03-16 04:45:26,340 log 35132 140272042051264 "GET /api/auth/me/ HTTP/1.1" 200 476
INFO 2026-03-16 04:45:26,393 log 35132 140272033658560 "GET /api/auth/me/ HTTP/1.1" 200 476
INFO 2026-03-16 04:45:40,132 log 35132 140272033658560 "GET /api/auth/me/ HTTP/1.1" 200 476
INFO 2026-03-16 04:45:40,150 log 35132 140272042051264 "GET /api/auth/me/ HTTP/1.1" 200 476
WARNING 2026-03-16 04:46:10,445 log 35132 140272051492544 Unauthorized: /api/auth/me/
WARNING 2026-03-16 04:46:10,446 log 35132 140272051492544 "GET /api/auth/me/ HTTP/1.1" 401 172
WARNING 2026-03-16 04:46:10,464 log 35132 140271812253376 Unauthorized: /api/auth/me/
WARNING 2026-03-16 04:46:10,466 log 35132 140271812253376 "GET /api/auth/me/ HTTP/1.1" 401 172
INFO 2026-03-16 04:46:10,474 log 35132 140272051492544 "POST /api/auth/refresh/ HTTP/1.1" 200 244
INFO 2026-03-16 04:46:10,483 log 35132 140271812253376 "POST /api/auth/refresh/ HTTP/1.1" 200 244
INFO 2026-03-16 04:46:10,552 log 35132 140272051492544 "GET /api/auth/me/ HTTP/1.1" 200 476
INFO 2026-03-16 04:46:10,615 log 35132 140272051492544 "GET /api/auth/me/ HTTP/1.1" 200 476
INFO 2026-03-16 04:51:04,961 log 35132 140272042051264 "GET /api/auth/me/ HTTP/1.1" 200 476
INFO 2026-03-16 04:51:04,974 log 35132 140272042051264 "GET /api/auth/me/ HTTP/1.1" 200 476
INFO 2026-03-16 04:52:15,016 log 35132 140272042051264 "GET /api/auth/me/ HTTP/1.1" 200 476
INFO 2026-03-16 04:52:15,030 log 35132 140272042051264 "GET /api/auth/me/ HTTP/1.1" 200 476
INFO 2026-03-16 04:52:33,737 log 35132 140272042051264 "GET /api/auth/me/ HTTP/1.1" 200 476
INFO 2026-03-16 04:52:33,757 log 35132 140272042051264 "GET /api/auth/me/ HTTP/1.1" 200 476
INFO 2026-03-16 04:53:54,911 log 35132 140272042051264 "GET /api/auth/me/ HTTP/1.1" 200 476
INFO 2026-03-16 04:53:54,920 log 35132 140272042051264 "GET /api/auth/me/ HTTP/1.1" 200 476
INFO 2026-03-16 05:04:33,792 log 35132 140272042051264 "GET /api/auth/me/ HTTP/1.1" 200 476
INFO 2026-03-16 05:04:33,809 log 35132 140272042051264 "GET /api/auth/me/ HTTP/1.1" 200 476
INFO 2026-03-16 05:07:51,278 log 35132 140272042051264 "GET /api/auth/me/ HTTP/1.1" 200 476
INFO 2026-03-16 05:07:51,304 log 35132 140272042051264 "GET /api/auth/me/ HTTP/1.1" 200 476
INFO 2026-03-16 05:14:09,792 log 35132 140272042051264 "GET /api/auth/me/ HTTP/1.1" 200 476
INFO 2026-03-16 05:14:09,810 log 35132 140272042051264 "GET /api/auth/me/ HTTP/1.1" 200 476
INFO 2026-03-16 05:16:01,432 log 35132 140272042051264 "GET /api/auth/me/ HTTP/1.1" 200 476
INFO 2026-03-16 05:16:01,443 log 35132 140272042051264 "GET /api/auth/me/ HTTP/1.1" 200 476
INFO 2026-03-16 05:19:32,020 log 35132 140272042051264 "GET /api/auth/me/ HTTP/1.1" 200 476
INFO 2026-03-16 05:19:32,033 log 35132 140272042051264 "GET /api/auth/me/ HTTP/1.1" 200 476
INFO 2026-03-16 05:22:55,358 log 35132 140272042051264 "GET /api/auth/me/ HTTP/1.1" 200 476
INFO 2026-03-16 05:22:55,374 log 35132 140272042051264 "GET /api/auth/me/ HTTP/1.1" 200 476
INFO 2026-03-16 05:26:33,433 log 35132 140272042051264 "GET /api/auth/me/ HTTP/1.1" 200 476
INFO 2026-03-16 05:26:33,460 log 35132 140272042051264 "GET /api/auth/me/ HTTP/1.1" 200 476
INFO 2026-03-16 05:27:26,334 log 35132 140272042051264 "GET /api/auth/me/ HTTP/1.1" 200 476
INFO 2026-03-16 05:27:26,345 log 35132 140272042051264 "GET /api/auth/me/ HTTP/1.1" 200 476
INFO 2026-03-16 23:31:25,839 autoreload 20103 140234992189696 Watching for file changes with StatReloader
INFO 2026-03-16 23:31:47,368 log 20103 140234696844992 "OPTIONS /api/auth/me/ HTTP/1.1" 200 0
WARNING 2026-03-16 23:31:47,377 log 20103 140234696844992 Unauthorized: /api/auth/me/
WARNING 2026-03-16 23:31:47,378 log 20103 140234696844992 "GET /api/auth/me/ HTTP/1.1" 401 172
WARNING 2026-03-16 23:31:47,429 log 20103 140234688452288 Unauthorized: /api/auth/me/
INFO 2026-03-16 23:31:47,430 log 20103 140234696844992 "OPTIONS /api/auth/refresh/ HTTP/1.1" 200 0
WARNING 2026-03-16 23:31:47,430 log 20103 140234688452288 "GET /api/auth/me/ HTTP/1.1" 401 172
INFO 2026-03-16 23:31:47,434 log 20103 140234688452288 "OPTIONS /api/auth/refresh/ HTTP/1.1" 200 0
INFO 2026-03-16 23:31:47,477 log 20103 140234696844992 "POST /api/auth/refresh/ HTTP/1.1" 200 244
INFO 2026-03-16 23:31:47,481 log 20103 140234688452288 "POST /api/auth/refresh/ HTTP/1.1" 200 244
INFO 2026-03-16 23:31:47,534 log 20103 140234696844992 "GET /api/auth/me/ HTTP/1.1" 200 476
INFO 2026-03-16 23:31:47,585 log 20103 140234696844992 "GET /api/auth/me/ HTTP/1.1" 200 476
INFO 2026-03-16 23:32:06,426 log 20103 140234696844992 "OPTIONS /api/auth/login/ HTTP/1.1" 200 0
INFO 2026-03-16 23:32:07,177 log 20103 140234696844992 "POST /api/auth/login/ HTTP/1.1" 200 973
INFO 2026-03-16 23:35:26,343 log 20103 140234696844992 "GET /api/auth/me/ HTTP/1.1" 200 476
INFO 2026-03-16 23:35:26,352 log 20103 140234696844992 "GET /api/auth/me/ HTTP/1.1" 200 476
INFO 2026-03-16 23:43:25,888 log 20103 140234696844992 "GET /api/auth/me/ HTTP/1.1" 200 476
INFO 2026-03-16 23:43:25,900 log 20103 140234696844992 "GET /api/auth/me/ HTTP/1.1" 200 476
INFO 2026-03-16 23:58:26,175 log 20103 140234696844992 "GET /api/auth/me/ HTTP/1.1" 200 476
INFO 2026-03-16 23:58:26,193 log 20103 140234696844992 "GET /api/auth/me/ HTTP/1.1" 200 476
INFO 2026-03-17 00:06:05,069 log 20103 140234696844992 "GET /api/auth/me/ HTTP/1.1" 200 476
INFO 2026-03-17 00:06:05,088 log 20103 140234696844992 "GET /api/auth/me/ HTTP/1.1" 200 476
INFO 2026-03-17 00:15:37,190 log 20103 140234696844992 "GET /api/auth/me/ HTTP/1.1" 200 476
INFO 2026-03-17 00:15:37,216 log 20103 140234696844992 "GET /api/auth/me/ HTTP/1.1" 200 476
INFO 2026-03-17 00:16:04,482 log 20103 140234696844992 "GET /api/auth/me/ HTTP/1.1" 200 476
INFO 2026-03-17 00:16:04,506 log 20103 140234688452288 "GET /api/auth/me/ HTTP/1.1" 200 476
INFO 2026-03-17 00:19:35,225 log 20103 140234688452288 "GET /api/auth/me/ HTTP/1.1" 200 476
INFO 2026-03-17 00:19:35,246 log 20103 140234688452288 "GET /api/auth/me/ HTTP/1.1" 200 476
INFO 2026-03-17 00:20:56,823 log 20103 140234688452288 "GET /api/auth/me/ HTTP/1.1" 200 476
INFO 2026-03-17 00:20:56,840 log 20103 140234688452288 "GET /api/auth/me/ HTTP/1.1" 200 476
WARNING 2026-03-17 00:42:24,809 log 20103 140234688452288 Unauthorized: /api/auth/me/
WARNING 2026-03-17 00:42:24,810 log 20103 140234688452288 "GET /api/auth/me/ HTTP/1.1" 401 172
WARNING 2026-03-17 00:42:24,813 log 20103 140234696844992 Unauthorized: /api/auth/me/
INFO 2026-03-17 00:42:24,816 log 20103 140234688452288 "POST /api/auth/refresh/ HTTP/1.1" 200 244
WARNING 2026-03-17 00:42:24,817 log 20103 140234696844992 "GET /api/auth/me/ HTTP/1.1" 401 172
INFO 2026-03-17 00:42:24,820 log 20103 140234696844992 "POST /api/auth/refresh/ HTTP/1.1" 200 244
INFO 2026-03-17 00:42:24,897 log 20103 140234696844992 "GET /api/auth/me/ HTTP/1.1" 200 476
INFO 2026-03-17 00:42:24,967 log 20103 140234696844992 "GET /api/auth/me/ HTTP/1.1" 200 476
INFO 2026-03-17 00:42:28,066 log 20103 140234696844992 "OPTIONS /api/auth/logout/ HTTP/1.1" 200 0
WARNING 2026-03-17 00:42:28,080 log 20103 140234696844992 Bad Request: /api/auth/logout/
WARNING 2026-03-17 00:42:28,081 log 20103 140234696844992 "POST /api/auth/logout/ HTTP/1.1" 400 62
INFO 2026-03-17 00:42:41,263 log 20103 140234696844992 "POST /api/auth/login/ HTTP/1.1" 200 1002
WARNING 2026-03-17 00:43:01,103 log 20103 140234696844992 Bad Request: /api/auth/logout/
WARNING 2026-03-17 00:43:01,105 log 20103 140234696844992 "POST /api/auth/logout/ HTTP/1.1" 400 62
WARNING 2026-03-17 00:43:19,242 log 20103 140234696844992 Unauthorized: /api/auth/login/
WARNING 2026-03-17 00:43:19,243 log 20103 140234696844992 "POST /api/auth/login/ HTTP/1.1" 401 31
WARNING 2026-03-17 00:43:28,983 log 20103 140234696844992 Unauthorized: /api/auth/login/
WARNING 2026-03-17 00:43:28,983 log 20103 140234696844992 "POST /api/auth/login/ HTTP/1.1" 401 31
INFO 2026-03-17 00:43:51,699 log 20103 140234696844992 "POST /api/auth/login/ HTTP/1.1" 200 1009
WARNING 2026-03-17 00:43:57,851 log 20103 140234696844992 Bad Request: /api/auth/logout/
WARNING 2026-03-17 00:43:57,852 log 20103 140234696844992 "POST /api/auth/logout/ HTTP/1.1" 400 62
INFO 2026-03-22 17:39:02,146 autoreload 92664 140345008083456 Watching for file changes with StatReloader
INFO 2026-03-22 17:39:52,135 autoreload 93414 140082616971776 Watching for file changes with StatReloader
INFO 2026-03-22 17:40:02,779 autoreload 93504 139916680585728 Watching for file changes with StatReloader
INFO 2026-03-24 09:16:46,013 autoreload 11827 140281225814528 Watching for file changes with StatReloader
INFO 2026-03-24 09:31:20,468 autoreload 18771 139636320928256 Watching for file changes with StatReloader
INFO 2026-03-24 09:33:02,920 autoreload 19880 140533989401088 Watching for file changes with StatReloader
WARNING 2026-03-24 09:33:05,914 log 19880 140533439657664 Not Found: /
WARNING 2026-03-24 09:33:05,915 log 19880 140533439657664 "GET / HTTP/1.1" 404 2981
INFO 2026-03-24 09:33:10,716 log 19880 140533439657664 "GET /admin/ HTTP/1.1" 302 0
INFO 2026-03-24 09:33:10,737 log 19880 140533439657664 "GET /admin/login/?next=/admin/ HTTP/1.1" 200 4083
WARNING 2026-03-24 09:33:10,862 log 19880 140533439657664 Not Found: /favicon.ico
INFO 2026-03-24 09:35:14,933 log 19880 140533439657664 "POST /admin/login/?next=/admin/ HTTP/1.1" 200 4251
INFO 2026-03-24 09:40:45,603 autoreload 23654 139645060944384 Watching for file changes with StatReloader
WARNING 2026-03-24 09:40:47,517 log 23654 139644511450816 Not Found: /
WARNING 2026-03-24 09:40:47,517 log 23654 139644511450816 "GET / HTTP/1.1" 404 2981
INFO 2026-03-24 09:40:56,064 log 23654 139644511450816 "GET /admin/ HTTP/1.1" 302 0
INFO 2026-03-24 09:40:56,079 log 23654 139644511450816 "GET /admin/login/?next=/admin/ HTTP/1.1" 200 4083
INFO 2026-03-24 09:41:02,209 log 23654 139644511450816 "POST /admin/login/?next=/admin/ HTTP/1.1" 200 4251
INFO 2026-03-24 09:41:13,338 log 23654 139644511450816 "POST /admin/login/?next=/admin/ HTTP/1.1" 200 4251
INFO 2026-03-24 09:41:47,813 log 23654 139644511450816 "POST /admin/login/?next=/admin/ HTTP/1.1" 200 4251
INFO 2026-03-24 09:44:04,898 autoreload 25996 139948331246080 Watching for file changes with StatReloader
WARNING 2026-03-24 09:44:06,927 log 25996 139947782698688 Not Found: /
WARNING 2026-03-24 09:44:06,928 log 25996 139947782698688 "GET / HTTP/1.1" 404 2981
INFO 2026-03-24 09:44:11,353 log 25996 139947782698688 "GET /admin/ HTTP/1.1" 302 0
INFO 2026-03-24 09:44:11,367 log 25996 139947782698688 "GET /admin/login/?next=/admin/ HTTP/1.1" 200 4083
INFO 2026-03-24 09:44:22,253 log 25996 139947782698688 "POST /admin/login/?next=/admin/ HTTP/1.1" 200 4254
INFO 2026-03-24 09:44:34,231 log 25996 139947782698688 "POST /admin/login/?next=/admin/ HTTP/1.1" 200 4254
INFO 2026-03-24 09:44:44,641 log 25996 139947782698688 "POST /admin/login/?next=/admin/ HTTP/1.1" 200 4254
INFO 2026-03-24 09:45:30,145 log 25996 139947782698688 "POST /admin/login/?next=/admin/ HTTP/1.1" 200 4254
INFO 2026-03-24 09:51:08,992 autoreload 29948 140393302856192 Watching for file changes with StatReloader
WARNING 2026-03-24 09:51:12,944 log 29948 140392753264320 Not Found: /
WARNING 2026-03-24 09:51:12,945 log 29948 140392753264320 "GET / HTTP/1.1" 404 2981
INFO 2026-03-24 09:51:19,518 log 29948 140392753264320 "GET /admin/ HTTP/1.1" 302 0
INFO 2026-03-24 09:51:19,529 log 29948 140392753264320 "GET /admin/login/?next=/admin/ HTTP/1.1" 200 4083
INFO 2026-03-24 09:51:29,577 log 29948 140392753264320 "POST /admin/login/?next=/admin/ HTTP/1.1" 302 0
INFO 2026-03-24 09:51:29,594 log 29948 140392753264320 "GET /admin/ HTTP/1.1" 200 14628
INFO 2026-03-24 09:51:29,700 log 29948 140392753264320 "GET /static/admin/img/icon-addlink.svg HTTP/1.1" 200 593
INFO 2026-03-24 09:51:29,700 log 29948 140392742774464 "GET /static/admin/img/icon-changelink.svg HTTP/1.1" 200 978
INFO 2026-03-24 09:51:29,701 log 29948 140392734381760 "GET /static/admin/img/icon-viewlink.svg HTTP/1.1" 200 928
ERROR 2026-03-24 09:51:43,393 log 29948 140392753264320 Internal Server Error: /admin/auth_app/userprofile/
Traceback (most recent call last):
  File "/home/aboubakr/.local/share/virtualenvs/aboubakr-ZWvxqqSM/lib/python3.13/site-packages/django/db/backends/utils.py", line 105, in _execute
    return self.cursor.execute(sql, params)
           ~~~~~~~~~~~~~~~~~~~^^^^^^^^^^^^^
  File "/home/aboubakr/.local/share/virtualenvs/aboubakr-ZWvxqqSM/lib/python3.13/site-packages/django/db/backends/sqlite3/base.py", line 359, in execute
    return super().execute(query, params)
           ~~~~~~~~~~~~~~~^^^^^^^^^^^^^^^
sqlite3.OperationalError: no such table: user_profiles

The above exception was the direct cause of the following exception:

Traceback (most recent call last):
  File "/home/aboubakr/.local/share/virtualenvs/aboubakr-ZWvxqqSM/lib/python3.13/site-packages/django/core/handlers/exception.py", line 55, in inner
    response = get_response(request)
  File "/home/aboubakr/.local/share/virtualenvs/aboubakr-ZWvxqqSM/lib/python3.13/site-packages/django/core/handlers/base.py", line 198, in _get_response
    response = wrapped_callback(request, *callback_args, **callback_kwargs)
  File "/home/aboubakr/.local/share/virtualenvs/aboubakr-ZWvxqqSM/lib/python3.13/site-packages/django/contrib/admin/options.py", line 710, in wrapper
    return self.admin_site.admin_view(view)(*args, **kwargs)
           ~~~~~~~~~~~~~~~~~~~~~~~~~~~~~~~~^^^^^^^^^^^^^^^^^
  File "/home/aboubakr/.local/share/virtualenvs/aboubakr-ZWvxqqSM/lib/python3.13/site-packages/django/utils/decorators.py", line 192, in _view_wrapper
    result = _process_exception(request, e)
  File "/home/aboubakr/.local/share/virtualenvs/aboubakr-ZWvxqqSM/lib/python3.13/site-packages/django/utils/decorators.py", line 190, in _view_wrapper
    response = view_func(request, *args, **kwargs)
  File "/home/aboubakr/.local/share/virtualenvs/aboubakr-ZWvxqqSM/lib/python3.13/site-packages/django/views/decorators/cache.py", line 80, in _view_wrapper
    response = view_func(request, *args, **kwargs)
  File "/home/aboubakr/.local/share/virtualenvs/aboubakr-ZWvxqqSM/lib/python3.13/site-packages/django/contrib/admin/sites.py", line 247, in inner
    return view(request, *args, **kwargs)
  File "/home/aboubakr/.local/share/virtualenvs/aboubakr-ZWvxqqSM/lib/python3.13/site-packages/django/utils/decorators.py", line 48, in _wrapper
    return bound_method(*args, **kwargs)
  File "/home/aboubakr/.local/share/virtualenvs/aboubakr-ZWvxqqSM/lib/python3.13/site-packages/django/utils/decorators.py", line 192, in _view_wrapper
    result = _process_exception(request, e)
  File "/home/aboubakr/.local/share/virtualenvs/aboubakr-ZWvxqqSM/lib/python3.13/site-packages/django/utils/decorators.py", line 190, in _view_wrapper
    response = view_func(request, *args, **kwargs)
  File "/home/aboubakr/.local/share/virtualenvs/aboubakr-ZWvxqqSM/lib/python3.13/site-packages/django/contrib/admin/options.py", line 1982, in changelist_view
    cl = self.get_changelist_instance(request)
  File "/home/aboubakr/.local/share/virtualenvs/aboubakr-ZWvxqqSM/lib/python3.13/site-packages/django/contrib/admin/options.py", line 857, in get_changelist_instance
    return ChangeList(
        request,
    ...<12 lines>...
        self.search_help_text,
    )
  File "/home/aboubakr/.local/share/virtualenvs/aboubakr-ZWvxqqSM/lib/python3.13/site-packages/django/contrib/admin/views/main.py", line 143, in __init__
    self.get_results(request)
    ~~~~~~~~~~~~~~~~^^^^^^^^^
  File "/home/aboubakr/.local/share/virtualenvs/aboubakr-ZWvxqqSM/lib/python3.13/site-packages/django/contrib/admin/views/main.py", line 300, in get_results
    result_count = paginator.count
                   ^^^^^^^^^^^^^^^
  File "/home/aboubakr/.local/share/virtualenvs/aboubakr-ZWvxqqSM/lib/python3.13/site-packages/django/utils/functional.py", line 47, in __get__
    res = instance.__dict__[self.name] = self.func(instance)
                                         ~~~~~~~~~^^^^^^^^^^
  File "/home/aboubakr/.local/share/virtualenvs/aboubakr-ZWvxqqSM/lib/python3.13/site-packages/django/core/paginator.py", line 189, in count
    return c()
  File "/home/aboubakr/.local/share/virtualenvs/aboubakr-ZWvxqqSM/lib/python3.13/site-packages/django/db/models/query.py", line 610, in count
    return self.query.get_count(using=self.db)
           ~~~~~~~~~~~~~~~~~~~~^^^^^^^^^^^^^^^
  File "/home/aboubakr/.local/share/virtualenvs/aboubakr-ZWvxqqSM/lib/python3.13/site-packages/django/db/models/sql/query.py", line 656, in get_count
    return obj.get_aggregation(using, {"__count": Count("*")})["__count"]
           ~~~~~~~~~~~~~~~~~~~^^^^^^^^^^^^^^^^^^^^^^^^^^^^^^^^
  File "/home/aboubakr/.local/share/virtualenvs/aboubakr-ZWvxqqSM/lib/python3.13/site-packages/django/db/models/sql/query.py", line 638, in get_aggregation
    result = compiler.execute_sql(SINGLE)
  File "/home/aboubakr/.local/share/virtualenvs/aboubakr-ZWvxqqSM/lib/python3.13/site-packages/django/db/models/sql/compiler.py", line 1624, in execute_sql
    cursor.execute(sql, params)
    ~~~~~~~~~~~~~~^^^^^^^^^^^^^
  File "/home/aboubakr/.local/share/virtualenvs/aboubakr-ZWvxqqSM/lib/python3.13/site-packages/django/db/backends/utils.py", line 122, in execute
    return super().execute(sql, params)
           ~~~~~~~~~~~~~~~^^^^^^^^^^^^^
  File "/home/aboubakr/.local/share/virtualenvs/aboubakr-ZWvxqqSM/lib/python3.13/site-packages/django/db/backends/utils.py", line 79, in execute
    return self._execute_with_wrappers(
           ~~~~~~~~~~~~~~~~~~~~~~~~~~~^
        sql, params, many=False, executor=self._execute
        ^^^^^^^^^^^^^^^^^^^^^^^^^^^^^^^^^^^^^^^^^^^^^^^
    )
    ^
  File "/home/aboubakr/.local/share/virtualenvs/aboubakr-ZWvxqqSM/lib/python3.13/site-packages/django/db/backends/utils.py", line 92, in _execute_with_wrappers
    return executor(sql, params, many, context)
  File "/home/aboubakr/.local/share/virtualenvs/aboubakr-ZWvxqqSM/lib/python3.13/site-packages/django/db/backends/utils.py", line 100, in _execute
    with self.db.wrap_database_errors:
         ^^^^^^^^^^^^^^^^^^^^^^^^^^^^
  File "/home/aboubakr/.local/share/virtualenvs/aboubakr-ZWvxqqSM/lib/python3.13/site-packages/django/db/utils.py", line 94, in __exit__
    raise dj_exc_value.with_traceback(traceback) from exc_value
  File "/home/aboubakr/.local/share/virtualenvs/aboubakr-ZWvxqqSM/lib/python3.13/site-packages/django/db/backends/utils.py", line 105, in _execute
    return self.cursor.execute(sql, params)
           ~~~~~~~~~~~~~~~~~~~^^^^^^^^^^^^^
  File "/home/aboubakr/.local/share/virtualenvs/aboubakr-ZWvxqqSM/lib/python3.13/site-packages/django/db/backends/sqlite3/base.py", line 359, in execute
    return super().execute(query, params)
           ~~~~~~~~~~~~~~~^^^^^^^^^^^^^^^
django.db.utils.OperationalError: no such table: user_profiles
ERROR 2026-03-24 09:51:43,396 log 29948 140392753264320 "GET /admin/auth_app/userprofile/ HTTP/1.1" 500 209674
INFO 2026-03-24 09:52:16,371 log 29948 140392753264320 "GET /admin HTTP/1.1" 301 0
INFO 2026-03-24 09:52:16,383 log 29948 140392753264320 "GET /admin/ HTTP/1.1" 200 14628
INFO 2026-03-24 09:52:18,994 log 29948 140392753264320 "GET /admin/auth_app/userprofile/add/ HTTP/1.1" 200 20247
INFO 2026-03-24 09:52:19,032 log 29948 140392742774464 "GET /static/admin/css/forms.css HTTP/1.1" 200 8831
INFO 2026-03-24 09:52:19,032 log 29948 140392716547776 "GET /static/admin/js/core.js HTTP/1.1" 200 6208
INFO 2026-03-24 09:52:19,033 log 29948 140392724940480 "GET /static/admin/js/jquery.init.js HTTP/1.1" 200 347
INFO 2026-03-24 09:52:19,033 log 29948 140392708155072 "GET /static/admin/js/admin/RelatedObjectLookups.js HTTP/1.1" 200 9777
INFO 2026-03-24 09:52:19,034 log 29948 140392716547776 "GET /static/admin/js/prepopulate.js HTTP/1.1" 200 1531
INFO 2026-03-24 09:52:19,035 log 29948 140392742774464 "GET /static/admin/js/urlify.js HTTP/1.1" 200 7887
INFO 2026-03-24 09:52:19,036 log 29948 140392724940480 "GET /static/admin/js/actions.js HTTP/1.1" 200 8076
INFO 2026-03-24 09:52:19,039 log 29948 140392753264320 "GET /static/admin/js/vendor/jquery/jquery.js HTTP/1.1" 200 285314
INFO 2026-03-24 09:52:19,040 log 29948 140392734381760 "GET /admin/jsi18n/ HTTP/1.1" 200 3342
INFO 2026-03-24 09:52:19,041 log 29948 140392708155072 "GET /static/admin/js/vendor/xregexp/xregexp.js HTTP/1.1" 200 325171
INFO 2026-03-24 09:52:19,042 log 29948 140392734381760 "GET /static/admin/js/change_form.js HTTP/1.1" 200 606
INFO 2026-03-24 09:52:19,080 log 29948 140392742774464 "GET /static/admin/js/prepopulate_init.js HTTP/1.1" 200 586
INFO 2026-03-24 09:52:19,081 log 29948 140392724940480 "GET /static/admin/css/widgets.css HTTP/1.1" 200 11811
INFO 2026-03-24 09:52:42,502 log 29948 140392708155072 "GET /admin/auth/user/add/?_to_field=id&_popup=1 HTTP/1.1" 200 18909
INFO 2026-03-24 09:52:42,543 log 29948 140392724940480 "GET /static/admin/js/inlines.js HTTP/1.1" 200 15628
INFO 2026-03-24 09:52:42,545 log 29948 140392708155072 "GET /admin/jsi18n/ HTTP/1.1" 200 3342
INFO 2026-03-24 09:52:42,546 log 29948 140392724940480 "GET /static/admin/css/unusable_password_field.css HTTP/1.1" 200 663
INFO 2026-03-24 09:52:42,627 log 29948 140392708155072 "GET /static/admin/img/inline-delete.svg HTTP/1.1" 200 651
INFO 2026-03-24 09:52:47,655 log 29948 140392708155072 "GET /admin/auth/user/add/?_to_field=id&_popup=1 HTTP/1.1" 200 18909
INFO 2026-03-24 09:52:47,694 log 29948 140392708155072 "GET /admin/jsi18n/ HTTP/1.1" 200 3342
ERROR 2026-03-24 09:54:09,928 log 29948 140392708155072 Internal Server Error: /admin/auth/user/add/
Traceback (most recent call last):
  File "/home/aboubakr/.local/share/virtualenvs/aboubakr-ZWvxqqSM/lib/python3.13/site-packages/django/db/backends/utils.py", line 105, in _execute
    return self.cursor.execute(sql, params)
           ~~~~~~~~~~~~~~~~~~~^^^^^^^^^^^^^
  File "/home/aboubakr/.local/share/virtualenvs/aboubakr-ZWvxqqSM/lib/python3.13/site-packages/django/db/backends/sqlite3/base.py", line 359, in execute
    return super().execute(query, params)
           ~~~~~~~~~~~~~~~^^^^^^^^^^^^^^^
sqlite3.OperationalError: no such table: user_profiles

The above exception was the direct cause of the following exception:

Traceback (most recent call last):
  File "/home/aboubakr/.local/share/virtualenvs/aboubakr-ZWvxqqSM/lib/python3.13/site-packages/django/core/handlers/exception.py", line 55, in inner
    response = get_response(request)
  File "/home/aboubakr/.local/share/virtualenvs/aboubakr-ZWvxqqSM/lib/python3.13/site-packages/django/core/handlers/base.py", line 198, in _get_response
    response = wrapped_callback(request, *callback_args, **callback_kwargs)
  File "/home/aboubakr/.local/share/virtualenvs/aboubakr-ZWvxqqSM/lib/python3.13/site-packages/django/contrib/admin/options.py", line 710, in wrapper
    return self.admin_site.admin_view(view)(*args, **kwargs)
           ~~~~~~~~~~~~~~~~~~~~~~~~~~~~~~~~^^^^^^^^^^^^^^^^^
  File "/home/aboubakr/.local/share/virtualenvs/aboubakr-ZWvxqqSM/lib/python3.13/site-packages/django/utils/decorators.py", line 192, in _view_wrapper
    result = _process_exception(request, e)
  File "/home/aboubakr/.local/share/virtualenvs/aboubakr-ZWvxqqSM/lib/python3.13/site-packages/django/utils/decorators.py", line 190, in _view_wrapper
    response = view_func(request, *args, **kwargs)
  File "/home/aboubakr/.local/share/virtualenvs/aboubakr-ZWvxqqSM/lib/python3.13/site-packages/django/views/decorators/cache.py", line 80, in _view_wrapper
    response = view_func(request, *args, **kwargs)
  File "/home/aboubakr/.local/share/virtualenvs/aboubakr-ZWvxqqSM/lib/python3.13/site-packages/django/contrib/admin/sites.py", line 247, in inner
    return view(request, *args, **kwargs)
  File "/home/aboubakr/.local/share/virtualenvs/aboubakr-ZWvxqqSM/lib/python3.13/site-packages/django/utils/decorators.py", line 48, in _wrapper
    return bound_method(*args, **kwargs)
  File "/home/aboubakr/.local/share/virtualenvs/aboubakr-ZWvxqqSM/lib/python3.13/site-packages/django/views/decorators/debug.py", line 143, in sensitive_post_parameters_wrapper
    return view(request, *args, **kwargs)
  File "/home/aboubakr/.local/share/virtualenvs/aboubakr-ZWvxqqSM/lib/python3.13/site-packages/django/utils/decorators.py", line 192, in _view_wrapper
    result = _process_exception(request, e)
  File "/home/aboubakr/.local/share/virtualenvs/aboubakr-ZWvxqqSM/lib/python3.13/site-packages/django/utils/decorators.py", line 190, in _view_wrapper
    response = view_func(request, *args, **kwargs)
  File "/home/aboubakr/.local/share/virtualenvs/aboubakr-ZWvxqqSM/lib/python3.13/site-packages/django/contrib/auth/admin.py", line 119, in add_view
    return self._add_view(request, form_url, extra_context)
           ~~~~~~~~~~~~~~^^^^^^^^^^^^^^^^^^^^^^^^^^^^^^^^^^
  File "/home/aboubakr/.local/share/virtualenvs/aboubakr-ZWvxqqSM/lib/python3.13/site-packages/django/contrib/auth/admin.py", line 147, in _add_view
    return super().add_view(request, form_url, extra_context)
           ~~~~~~~~~~~~~~~~^^^^^^^^^^^^^^^^^^^^^^^^^^^^^^^^^^
  File "/home/aboubakr/.local/share/virtualenvs/aboubakr-ZWvxqqSM/lib/python3.13/site-packages/django/contrib/admin/options.py", line 1942, in add_view
    return self.changeform_view(request, None, form_url, extra_context)
           ~~~~~~~~~~~~~~~~~~~~^^^^^^^^^^^^^^^^^^^^^^^^^^^^^^^^^^^^^^^^
  File "/home/aboubakr/.local/share/virtualenvs/aboubakr-ZWvxqqSM/lib/python3.13/site-packages/django/utils/decorators.py", line 48, in _wrapper
    return bound_method(*args, **kwargs)
  File "/home/aboubakr/.local/share/virtualenvs/aboubakr-ZWvxqqSM/lib/python3.13/site-packages/django/utils/decorators.py", line 192, in _view_wrapper
    result = _process_exception(request, e)
  File "/home/aboubakr/.local/share/virtualenvs/aboubakr-ZWvxqqSM/lib/python3.13/site-packages/django/utils/decorators.py", line 190, in _view_wrapper
    response = view_func(request, *args, **kwargs)
  File "/home/aboubakr/.local/share/virtualenvs/aboubakr-ZWvxqqSM/lib/python3.13/site-packages/django/contrib/admin/options.py", line 1801, in changeform_view
    return self._changeform_view(request, object_id, form_url, extra_context)
           ~~~~~~~~~~~~~~~~~~~~~^^^^^^^^^^^^^^^^^^^^^^^^^^^^^^^^^^^^^^^^^^^^^
  File "/home/aboubakr/.local/share/virtualenvs/aboubakr-ZWvxqqSM/lib/python3.13/site-packages/django/contrib/admin/options.py", line 1853, in _changeform_view
    self.save_related(request, form, formsets, not add)
    ~~~~~~~~~~~~~~~~~^^^^^^^^^^^^^^^^^^^^^^^^^^^^^^^^^^
  File "/home/aboubakr/.local/share/virtualenvs/aboubakr-ZWvxqqSM/lib/python3.13/site-packages/django/contrib/admin/options.py", line 1300, in save_related
    self.save_formset(request, form, formset, change=change)
    ~~~~~~~~~~~~~~~~~^^^^^^^^^^^^^^^^^^^^^^^^^^^^^^^^^^^^^^^
  File "/home/aboubakr/.local/share/virtualenvs/aboubakr-ZWvxqqSM/lib/python3.13/site-packages/django/contrib/admin/options.py", line 1288, in save_formset
    formset.save()
    ~~~~~~~~~~~~^^
  File "/home/aboubakr/.local/share/virtualenvs/aboubakr-ZWvxqqSM/lib/python3.13/site-packages/django/forms/models.py", line 817, in save
    return self.save_existing_objects(commit) + self.save_new_objects(commit)
                                                ~~~~~~~~~~~~~~~~~~~~~^^^^^^^^
  File "/home/aboubakr/.local/share/virtualenvs/aboubakr-ZWvxqqSM/lib/python3.13/site-packages/django/forms/models.py", line 983, in save_new_objects
    self.new_objects.append(self.save_new(form, commit=commit))
                            ~~~~~~~~~~~~~^^^^^^^^^^^^^^^^^^^^^
  File "/home/aboubakr/.local/share/virtualenvs/aboubakr-ZWvxqqSM/lib/python3.13/site-packages/django/forms/models.py", line 1180, in save_new
    return super().save_new(form, commit=commit)
           ~~~~~~~~~~~~~~~~^^^^^^^^^^^^^^^^^^^^^
  File "/home/aboubakr/.local/share/virtualenvs/aboubakr-ZWvxqqSM/lib/python3.13/site-packages/django/forms/models.py", line 790, in save_new
    return form.save(commit=commit)
           ~~~~~~~~~^^^^^^^^^^^^^^^
  File "/home/aboubakr/.local/share/virtualenvs/aboubakr-ZWvxqqSM/lib/python3.13/site-packages/django/forms/models.py", line 574, in save
    self.instance.save()
    ~~~~~~~~~~~~~~~~~~^^
  File "/home/aboubakr/.local/share/virtualenvs/aboubakr-ZWvxqqSM/lib/python3.13/site-packages/django/db/models/base.py", line 874, in save
    self.save_base(
    ~~~~~~~~~~~~~~^
        using=using,
        ^^^^^^^^^^^^
    ...<2 lines>...
        update_fields=update_fields,
        ^^^^^^^^^^^^^^^^^^^^^^^^^^^^
    )
    ^
  File "/home/aboubakr/.local/share/virtualenvs/aboubakr-ZWvxqqSM/lib/python3.13/site-packages/django/db/models/base.py", line 966, in save_base
    updated = self._save_table(
        raw,
    ...<4 lines>...
        update_fields,
    )
  File "/home/aboubakr/.local/share/virtualenvs/aboubakr-ZWvxqqSM/lib/python3.13/site-packages/django/db/models/base.py", line 1169, in _save_table
    results = self._do_insert(
        cls._base_manager, using, insert_fields, returning_fields, raw
    )
  File "/home/aboubakr/.local/share/virtualenvs/aboubakr-ZWvxqqSM/lib/python3.13/site-packages/django/db/models/base.py", line 1220, in _do_insert
    return manager._insert(
           ~~~~~~~~~~~~~~~^
        [self],
        ^^^^^^^
    ...<3 lines>...
        raw=raw,
        ^^^^^^^^
    )
    ^
  File "/home/aboubakr/.local/share/virtualenvs/aboubakr-ZWvxqqSM/lib/python3.13/site-packages/django/db/models/manager.py", line 87, in manager_method
    return getattr(self.get_queryset(), name)(*args, **kwargs)
           ~~~~~~~~~~~~~~~~~~~~~~~~~~~~~~~~~~^^^^^^^^^^^^^^^^^
  File "/home/aboubakr/.local/share/virtualenvs/aboubakr-ZWvxqqSM/lib/python3.13/site-packages/django/db/models/query.py", line 1918, in _insert
    return query.get_compiler(using=using).execute_sql(returning_fields)
           ~~~~~~~~~~~~~~~~~~~~~~~~~~~~~~~~~~~~~~~~~~~^^^^^^^^^^^^^^^^^^
  File "/home/aboubakr/.local/share/virtualenvs/aboubakr-ZWvxqqSM/lib/python3.13/site-packages/django/db/models/sql/compiler.py", line 1925, in execute_sql
    cursor.execute(sql, params)
    ~~~~~~~~~~~~~~^^^^^^^^^^^^^
  File "/home/aboubakr/.local/share/virtualenvs/aboubakr-ZWvxqqSM/lib/python3.13/site-packages/django/db/backends/utils.py", line 122, in execute
    return super().execute(sql, params)
           ~~~~~~~~~~~~~~~^^^^^^^^^^^^^
  File "/home/aboubakr/.local/share/virtualenvs/aboubakr-ZWvxqqSM/lib/python3.13/site-packages/django/db/backends/utils.py", line 79, in execute
    return self._execute_with_wrappers(
           ~~~~~~~~~~~~~~~~~~~~~~~~~~~^
        sql, params, many=False, executor=self._execute
        ^^^^^^^^^^^^^^^^^^^^^^^^^^^^^^^^^^^^^^^^^^^^^^^
    )
    ^
  File "/home/aboubakr/.local/share/virtualenvs/aboubakr-ZWvxqqSM/lib/python3.13/site-packages/django/db/backends/utils.py", line 92, in _execute_with_wrappers
    return executor(sql, params, many, context)
  File "/home/aboubakr/.local/share/virtualenvs/aboubakr-ZWvxqqSM/lib/python3.13/site-packages/django/db/backends/utils.py", line 100, in _execute
    with self.db.wrap_database_errors:
         ^^^^^^^^^^^^^^^^^^^^^^^^^^^^
  File "/home/aboubakr/.local/share/virtualenvs/aboubakr-ZWvxqqSM/lib/python3.13/site-packages/django/db/utils.py", line 94, in __exit__
    raise dj_exc_value.with_traceback(traceback) from exc_value
  File "/home/aboubakr/.local/share/virtualenvs/aboubakr-ZWvxqqSM/lib/python3.13/site-packages/django/db/backends/utils.py", line 105, in _execute
    return self.cursor.execute(sql, params)
           ~~~~~~~~~~~~~~~~~~~^^^^^^^^^^^^^
  File "/home/aboubakr/.local/share/virtualenvs/aboubakr-ZWvxqqSM/lib/python3.13/site-packages/django/db/backends/sqlite3/base.py", line 359, in execute
    return super().execute(query, params)
           ~~~~~~~~~~~~~~~^^^^^^^^^^^^^^^
django.db.utils.OperationalError: no such table: user_profiles
ERROR 2026-03-24 09:54:09,932 log 29948 140392708155072 "POST /admin/auth/user/add/?_to_field=id&_popup=1 HTTP/1.1" 500 289283
INFO 2026-03-24 09:55:54,275 autoreload 32763 139759730463232 Watching for file changes with StatReloader
WARNING 2026-03-24 09:55:56,044 log 32763 139759180576448 Not Found: /
WARNING 2026-03-24 09:55:56,045 log 32763 139759180576448 "GET / HTTP/1.1" 404 2981
INFO 2026-03-24 09:56:00,349 log 32763 139759180576448 "GET /admin/ HTTP/1.1" 200 14628
INFO 2026-03-24 09:56:06,506 log 32763 139759180576448 "GET /admin/auth_app/userprofile/add/ HTTP/1.1" 200 20247
INFO 2026-03-24 09:56:06,547 log 32763 139759180576448 "GET /admin/jsi18n/ HTTP/1.1" 200 3342
WARNING 2026-03-24 09:56:06,626 log 32763 139759180576448 Not Found: /favicon.ico
INFO 2026-03-24 09:56:09,091 log 32763 139759180576448 "GET /admin/auth/user/add/?_to_field=id&_popup=1 HTTP/1.1" 200 18909
INFO 2026-03-24 09:56:09,134 log 32763 139759180576448 "GET /admin/jsi18n/ HTTP/1.1" 200 3342
ERROR 2026-03-24 09:56:46,300 log 32763 139759180576448 Internal Server Error: /admin/auth/user/add/
Traceback (most recent call last):
  File "/home/aboubakr/.local/share/virtualenvs/aboubakr-ZWvxqqSM/lib/python3.13/site-packages/django/db/backends/utils.py", line 105, in _execute
    return self.cursor.execute(sql, params)
           ~~~~~~~~~~~~~~~~~~~^^^^^^^^^^^^^
  File "/home/aboubakr/.local/share/virtualenvs/aboubakr-ZWvxqqSM/lib/python3.13/site-packages/django/db/backends/sqlite3/base.py", line 359, in execute
    return super().execute(query, params)
           ~~~~~~~~~~~~~~~^^^^^^^^^^^^^^^
sqlite3.OperationalError: no such table: user_profiles

The above exception was the direct cause of the following exception:

Traceback (most recent call last):
  File "/home/aboubakr/.local/share/virtualenvs/aboubakr-ZWvxqqSM/lib/python3.13/site-packages/django/core/handlers/exception.py", line 55, in inner
    response = get_response(request)
  File "/home/aboubakr/.local/share/virtualenvs/aboubakr-ZWvxqqSM/lib/python3.13/site-packages/django/core/handlers/base.py", line 198, in _get_response
    response = wrapped_callback(request, *callback_args, **callback_kwargs)
  File "/home/aboubakr/.local/share/virtualenvs/aboubakr-ZWvxqqSM/lib/python3.13/site-packages/django/contrib/admin/options.py", line 710, in wrapper
    return self.admin_site.admin_view(view)(*args, **kwargs)
           ~~~~~~~~~~~~~~~~~~~~~~~~~~~~~~~~^^^^^^^^^^^^^^^^^
  File "/home/aboubakr/.local/share/virtualenvs/aboubakr-ZWvxqqSM/lib/python3.13/site-packages/django/utils/decorators.py", line 192, in _view_wrapper
    result = _process_exception(request, e)
  File "/home/aboubakr/.local/share/virtualenvs/aboubakr-ZWvxqqSM/lib/python3.13/site-packages/django/utils/decorators.py", line 190, in _view_wrapper
    response = view_func(request, *args, **kwargs)
  File "/home/aboubakr/.local/share/virtualenvs/aboubakr-ZWvxqqSM/lib/python3.13/site-packages/django/views/decorators/cache.py", line 80, in _view_wrapper
    response = view_func(request, *args, **kwargs)
  File "/home/aboubakr/.local/share/virtualenvs/aboubakr-ZWvxqqSM/lib/python3.13/site-packages/django/contrib/admin/sites.py", line 247, in inner
    return view(request, *args, **kwargs)
  File "/home/aboubakr/.local/share/virtualenvs/aboubakr-ZWvxqqSM/lib/python3.13/site-packages/django/utils/decorators.py", line 48, in _wrapper
    return bound_method(*args, **kwargs)
  File "/home/aboubakr/.local/share/virtualenvs/aboubakr-ZWvxqqSM/lib/python3.13/site-packages/django/views/decorators/debug.py", line 143, in sensitive_post_parameters_wrapper
    return view(request, *args, **kwargs)
  File "/home/aboubakr/.local/share/virtualenvs/aboubakr-ZWvxqqSM/lib/python3.13/site-packages/django/utils/decorators.py", line 192, in _view_wrapper
    result = _process_exception(request, e)
  File "/home/aboubakr/.local/share/virtualenvs/aboubakr-ZWvxqqSM/lib/python3.13/site-packages/django/utils/decorators.py", line 190, in _view_wrapper
    response = view_func(request, *args, **kwargs)
  File "/home/aboubakr/.local/share/virtualenvs/aboubakr-ZWvxqqSM/lib/python3.13/site-packages/django/contrib/auth/admin.py", line 119, in add_view
    return self._add_view(request, form_url, extra_context)
           ~~~~~~~~~~~~~~^^^^^^^^^^^^^^^^^^^^^^^^^^^^^^^^^^
  File "/home/aboubakr/.local/share/virtualenvs/aboubakr-ZWvxqqSM/lib/python3.13/site-packages/django/contrib/auth/admin.py", line 147, in _add_view
    return super().add_view(request, form_url, extra_context)
           ~~~~~~~~~~~~~~~~^^^^^^^^^^^^^^^^^^^^^^^^^^^^^^^^^^
  File "/home/aboubakr/.local/share/virtualenvs/aboubakr-ZWvxqqSM/lib/python3.13/site-packages/django/contrib/admin/options.py", line 1942, in add_view
    return self.changeform_view(request, None, form_url, extra_context)
           ~~~~~~~~~~~~~~~~~~~~^^^^^^^^^^^^^^^^^^^^^^^^^^^^^^^^^^^^^^^^
  File "/home/aboubakr/.local/share/virtualenvs/aboubakr-ZWvxqqSM/lib/python3.13/site-packages/django/utils/decorators.py", line 48, in _wrapper
    return bound_method(*args, **kwargs)
  File "/home/aboubakr/.local/share/virtualenvs/aboubakr-ZWvxqqSM/lib/python3.13/site-packages/django/utils/decorators.py", line 192, in _view_wrapper
    result = _process_exception(request, e)
  File "/home/aboubakr/.local/share/virtualenvs/aboubakr-ZWvxqqSM/lib/python3.13/site-packages/django/utils/decorators.py", line 190, in _view_wrapper
    response = view_func(request, *args, **kwargs)
  File "/home/aboubakr/.local/share/virtualenvs/aboubakr-ZWvxqqSM/lib/python3.13/site-packages/django/contrib/admin/options.py", line 1801, in changeform_view
    return self._changeform_view(request, object_id, form_url, extra_context)
           ~~~~~~~~~~~~~~~~~~~~~^^^^^^^^^^^^^^^^^^^^^^^^^^^^^^^^^^^^^^^^^^^^^
  File "/home/aboubakr/.local/share/virtualenvs/aboubakr-ZWvxqqSM/lib/python3.13/site-packages/django/contrib/admin/options.py", line 1853, in _changeform_view
    self.save_related(request, form, formsets, not add)
    ~~~~~~~~~~~~~~~~~^^^^^^^^^^^^^^^^^^^^^^^^^^^^^^^^^^
  File "/home/aboubakr/.local/share/virtualenvs/aboubakr-ZWvxqqSM/lib/python3.13/site-packages/django/contrib/admin/options.py", line 1300, in save_related
    self.save_formset(request, form, formset, change=change)
    ~~~~~~~~~~~~~~~~~^^^^^^^^^^^^^^^^^^^^^^^^^^^^^^^^^^^^^^^
  File "/home/aboubakr/.local/share/virtualenvs/aboubakr-ZWvxqqSM/lib/python3.13/site-packages/django/contrib/admin/options.py", line 1288, in save_formset
    formset.save()
    ~~~~~~~~~~~~^^
  File "/home/aboubakr/.local/share/virtualenvs/aboubakr-ZWvxqqSM/lib/python3.13/site-packages/django/forms/models.py", line 817, in save
    return self.save_existing_objects(commit) + self.save_new_objects(commit)
                                                ~~~~~~~~~~~~~~~~~~~~~^^^^^^^^
  File "/home/aboubakr/.local/share/virtualenvs/aboubakr-ZWvxqqSM/lib/python3.13/site-packages/django/forms/models.py", line 983, in save_new_objects
    self.new_objects.append(self.save_new(form, commit=commit))
                            ~~~~~~~~~~~~~^^^^^^^^^^^^^^^^^^^^^
  File "/home/aboubakr/.local/share/virtualenvs/aboubakr-ZWvxqqSM/lib/python3.13/site-packages/django/forms/models.py", line 1180, in save_new
    return super().save_new(form, commit=commit)
           ~~~~~~~~~~~~~~~~^^^^^^^^^^^^^^^^^^^^^
  File "/home/aboubakr/.local/share/virtualenvs/aboubakr-ZWvxqqSM/lib/python3.13/site-packages/django/forms/models.py", line 790, in save_new
    return form.save(commit=commit)
           ~~~~~~~~~^^^^^^^^^^^^^^^
  File "/home/aboubakr/.local/share/virtualenvs/aboubakr-ZWvxqqSM/lib/python3.13/site-packages/django/forms/models.py", line 574, in save
    self.instance.save()
    ~~~~~~~~~~~~~~~~~~^^
  File "/home/aboubakr/.local/share/virtualenvs/aboubakr-ZWvxqqSM/lib/python3.13/site-packages/django/db/models/base.py", line 874, in save
    self.save_base(
    ~~~~~~~~~~~~~~^
        using=using,
        ^^^^^^^^^^^^
    ...<2 lines>...
        update_fields=update_fields,
        ^^^^^^^^^^^^^^^^^^^^^^^^^^^^
    )
    ^
  File "/home/aboubakr/.local/share/virtualenvs/aboubakr-ZWvxqqSM/lib/python3.13/site-packages/django/db/models/base.py", line 966, in save_base
    updated = self._save_table(
        raw,
    ...<4 lines>...
        update_fields,
    )
  File "/home/aboubakr/.local/share/virtualenvs/aboubakr-ZWvxqqSM/lib/python3.13/site-packages/django/db/models/base.py", line 1169, in _save_table
    results = self._do_insert(
        cls._base_manager, using, insert_fields, returning_fields, raw
    )
  File "/home/aboubakr/.local/share/virtualenvs/aboubakr-ZWvxqqSM/lib/python3.13/site-packages/django/db/models/base.py", line 1220, in _do_insert
    return manager._insert(
           ~~~~~~~~~~~~~~~^
        [self],
        ^^^^^^^
    ...<3 lines>...
        raw=raw,
        ^^^^^^^^
    )
    ^
  File "/home/aboubakr/.local/share/virtualenvs/aboubakr-ZWvxqqSM/lib/python3.13/site-packages/django/db/models/manager.py", line 87, in manager_method
    return getattr(self.get_queryset(), name)(*args, **kwargs)
           ~~~~~~~~~~~~~~~~~~~~~~~~~~~~~~~~~~^^^^^^^^^^^^^^^^^
  File "/home/aboubakr/.local/share/virtualenvs/aboubakr-ZWvxqqSM/lib/python3.13/site-packages/django/db/models/query.py", line 1918, in _insert
    return query.get_compiler(using=using).execute_sql(returning_fields)
           ~~~~~~~~~~~~~~~~~~~~~~~~~~~~~~~~~~~~~~~~~~~^^^^^^^^^^^^^^^^^^
  File "/home/aboubakr/.local/share/virtualenvs/aboubakr-ZWvxqqSM/lib/python3.13/site-packages/django/db/models/sql/compiler.py", line 1925, in execute_sql
    cursor.execute(sql, params)
    ~~~~~~~~~~~~~~^^^^^^^^^^^^^
  File "/home/aboubakr/.local/share/virtualenvs/aboubakr-ZWvxqqSM/lib/python3.13/site-packages/django/db/backends/utils.py", line 122, in execute
    return super().execute(sql, params)
           ~~~~~~~~~~~~~~~^^^^^^^^^^^^^
  File "/home/aboubakr/.local/share/virtualenvs/aboubakr-ZWvxqqSM/lib/python3.13/site-packages/django/db/backends/utils.py", line 79, in execute
    return self._execute_with_wrappers(
           ~~~~~~~~~~~~~~~~~~~~~~~~~~~^
        sql, params, many=False, executor=self._execute
        ^^^^^^^^^^^^^^^^^^^^^^^^^^^^^^^^^^^^^^^^^^^^^^^
    )
    ^
  File "/home/aboubakr/.local/share/virtualenvs/aboubakr-ZWvxqqSM/lib/python3.13/site-packages/django/db/backends/utils.py", line 92, in _execute_with_wrappers
    return executor(sql, params, many, context)
  File "/home/aboubakr/.local/share/virtualenvs/aboubakr-ZWvxqqSM/lib/python3.13/site-packages/django/db/backends/utils.py", line 100, in _execute
    with self.db.wrap_database_errors:
         ^^^^^^^^^^^^^^^^^^^^^^^^^^^^
  File "/home/aboubakr/.local/share/virtualenvs/aboubakr-ZWvxqqSM/lib/python3.13/site-packages/django/db/utils.py", line 94, in __exit__
    raise dj_exc_value.with_traceback(traceback) from exc_value
  File "/home/aboubakr/.local/share/virtualenvs/aboubakr-ZWvxqqSM/lib/python3.13/site-packages/django/db/backends/utils.py", line 105, in _execute
    return self.cursor.execute(sql, params)
           ~~~~~~~~~~~~~~~~~~~^^^^^^^^^^^^^
  File "/home/aboubakr/.local/share/virtualenvs/aboubakr-ZWvxqqSM/lib/python3.13/site-packages/django/db/backends/sqlite3/base.py", line 359, in execute
    return super().execute(query, params)
           ~~~~~~~~~~~~~~~^^^^^^^^^^^^^^^
django.db.utils.OperationalError: no such table: user_profiles
ERROR 2026-03-24 09:56:46,304 log 32763 139759180576448 "POST /admin/auth/user/add/?_to_field=id&_popup=1 HTTP/1.1" 500 289283
INFO 2026-03-24 09:59:15,629 autoreload 34817 140089082446336 Watching for file changes with StatReloader
WARNING 2026-03-24 09:59:19,558 log 34817 140088532006592 Not Found: /
WARNING 2026-03-24 09:59:19,558 log 34817 140088532006592 "GET / HTTP/1.1" 404 2981
INFO 2026-03-24 09:59:23,737 log 34817 140088532006592 "GET /admin/ HTTP/1.1" 200 14628
INFO 2026-03-24 09:59:26,307 log 34817 140088532006592 "GET /admin/auth_app/userprofile/add/ HTTP/1.1" 200 20247
INFO 2026-03-24 09:59:26,353 log 34817 140088532006592 "GET /admin/jsi18n/ HTTP/1.1" 200 3342
INFO 2026-03-24 09:59:28,819 log 34817 140088532006592 "GET /admin/auth/user/add/?_to_field=id&_popup=1 HTTP/1.1" 200 18909
INFO 2026-03-24 09:59:28,862 log 34817 140088532006592 "GET /admin/jsi18n/ HTTP/1.1" 200 3342
INFO 2026-03-24 09:59:28,864 log 34817 140088520468160 "GET /static/admin/js/inlines.js HTTP/1.1" 200 15628
INFO 2026-03-24 10:00:07,151 log 34817 140088532006592 "POST /admin/auth/user/add/?_to_field=id&_popup=1 HTTP/1.1" 200 326
INFO 2026-03-24 10:00:07,182 log 34817 140088532006592 "GET /static/admin/js/popup_response.js HTTP/1.1" 200 532
INFO 2026-03-24 10:00:32,354 log 34817 140088532006592 "POST /admin/auth_app/userprofile/add/ HTTP/1.1" 200 20512
INFO 2026-03-24 10:00:32,402 log 34817 140088532006592 "GET /admin/jsi18n/ HTTP/1.1" 200 3342
WARNING 2026-03-24 10:00:32,447 log 34817 140088532006592 Not Found: /favicon.ico
INFO 2026-03-24 10:00:53,715 log 34817 140088532006592 "GET /admin/auth/user/ HTTP/1.1" 200 23609
INFO 2026-03-24 10:00:53,756 log 34817 140088532006592 "GET /static/admin/css/changelists.css HTTP/1.1" 200 7498
INFO 2026-03-24 10:00:53,759 log 34817 140088503682752 "GET /static/admin/js/filters.js HTTP/1.1" 200 978
INFO 2026-03-24 10:00:53,759 log 34817 140088512075456 "GET /admin/jsi18n/ HTTP/1.1" 200 3342
INFO 2026-03-24 10:00:53,801 log 34817 140088503682752 "GET /static/admin/img/icon-yes.svg HTTP/1.1" 200 558
INFO 2026-03-24 10:00:53,802 log 34817 140088512075456 "GET /static/admin/img/search.svg HTTP/1.1" 200 607
INFO 2026-03-24 10:00:53,835 log 34817 140088503682752 "GET /static/admin/img/sorting-icons.svg HTTP/1.1" 200 1761
INFO 2026-03-24 10:00:53,836 log 34817 140088512075456 "GET /static/admin/img/tooltag-add.svg HTTP/1.1" 200 593
WARNING 2026-03-24 10:00:53,892 log 34817 140088512075456 Not Found: /favicon.ico
INFO 2026-03-24 10:01:05,690 log 34817 140088532006592 "GET /admin/auth_app/userprofile/ HTTP/1.1" 200 17933
INFO 2026-03-24 10:01:05,724 log 34817 140088503682752 "GET /admin/jsi18n/ HTTP/1.1" 200 3342
INFO 2026-03-24 10:01:23,294 log 34817 140088532006592 "GET /admin/auth_app/userprofile/add/ HTTP/1.1" 200 20284
INFO 2026-03-24 10:01:23,340 log 34817 140088503682752 "GET /admin/jsi18n/ HTTP/1.1" 200 3342
WARNING 2026-03-24 10:01:23,377 log 34817 140088503682752 Not Found: /favicon.ico
INFO 2026-03-24 10:01:43,223 log 34817 140088532006592 "POST /admin/auth_app/userprofile/add/ HTTP/1.1" 200 20485
INFO 2026-03-24 10:01:43,260 log 34817 140088532006592 "GET /admin/jsi18n/ HTTP/1.1" 200 3342
WARNING 2026-03-24 10:01:43,346 log 34817 140088532006592 Not Found: /favicon.ico
INFO 2026-03-24 10:01:48,612 log 34817 140088503682752 "GET /admin/auth_app/userprofile/ HTTP/1.1" 200 17933
INFO 2026-03-24 10:01:48,652 log 34817 140088503682752 "GET /admin/jsi18n/ HTTP/1.1" 200 3342
INFO 2026-03-24 10:01:48,652 log 34817 140088494241472 "GET /static/admin/js/filters.js HTTP/1.1" 200 978
WARNING 2026-03-24 10:01:48,729 log 34817 140088494241472 Not Found: /favicon.ico
INFO 2026-03-24 10:01:51,218 log 34817 140088503682752 "GET /admin/auth_app/userprofile/ HTTP/1.1" 200 17933
INFO 2026-03-24 10:01:51,256 log 34817 140088532006592 "GET /admin/jsi18n/ HTTP/1.1" 200 3342
WARNING 2026-03-24 10:01:51,288 log 34817 140088532006592 Not Found: /favicon.ico
INFO 2026-03-24 10:01:54,828 log 34817 140088503682752 "GET /admin/auth_app/userprofile/1/change/ HTTP/1.1" 200 20558
INFO 2026-03-24 10:01:54,861 log 34817 140088503682752 "GET /admin/jsi18n/ HTTP/1.1" 200 3342
INFO 2026-03-24 10:01:59,739 log 34817 140088503682752 "POST /admin/auth_app/userprofile/1/change/ HTTP/1.1" 302 0
INFO 2026-03-24 10:01:59,751 log 34817 140088503682752 "GET /admin/auth_app/userprofile/ HTTP/1.1" 200 18157
INFO 2026-03-24 10:01:59,835 log 34817 140088142984896 "GET /admin/jsi18n/ HTTP/1.1" 200 3342
INFO 2026-03-24 10:01:59,836 log 34817 140088142984896 "GET /static/admin/img/icon-no.svg HTTP/1.1" 200 645
INFO 2026-03-24 10:01:59,861 log 34817 140088503682752 "GET /static/admin/img/icon-yes-dark.svg HTTP/1.1" 200 558
WARNING 2026-03-24 10:01:59,884 log 34817 140088142984896 Not Found: /favicon.ico
INFO 2026-03-24 10:03:36,823 autoreload 37406 140249593811456 Watching for file changes with StatReloader
